<?xml version="1.0" encoding="UTF-8"?>
<coverage generated="1545727127098" clover="3.2.0">
  <project timestamp="1545727127098" name="All files">
    <metrics statements="175" coveredstatements="146" conditionals="93" coveredconditionals="27" methods="73" coveredmethods="36" elements="341" coveredelements="209" complexity="0" loc="175" ncloc="175" packages="7" files="13" classes="13">
      <package name="Components">
        <metrics statements="91" coveredstatements="76" conditionals="10" coveredconditionals="9" methods="38" coveredmethods="21"/>
        <file name="CategoryCell.js" path="/Users/Parth/Documents/NativeApps/Quotes/app/Components/CategoryCell.js">
          <metrics statements="9" coveredstatements="9" conditionals="0" coveredconditionals="0" methods="5" coveredmethods="5"/>
          <line num="1" count="2" type="stmt"/>
          <line num="2" count="2" type="stmt"/>
          <line num="4" count="2" type="stmt"/>
          <line num="5" count="2" type="stmt"/>
          <line num="6" count="2" type="stmt"/>
          <line num="8" count="1" type="stmt"/>
          <line num="16" count="6" type="stmt"/>
          <line num="21" count="2" type="stmt"/>
          <line num="25" count="2" type="stmt"/>
        </file>
        <file name="FavouriteQuoteCell.js" path="/Users/Parth/Documents/NativeApps/Quotes/app/Components/FavouriteQuoteCell.js">
          <metrics statements="7" coveredstatements="7" conditionals="0" coveredconditionals="0" methods="2" coveredmethods="2"/>
          <line num="1" count="2" type="stmt"/>
          <line num="2" count="2" type="stmt"/>
          <line num="4" count="2" type="stmt"/>
          <line num="5" count="2" type="stmt"/>
          <line num="7" count="1" type="stmt"/>
          <line num="24" count="2" type="stmt"/>
          <line num="26" count="2" type="stmt"/>
        </file>
        <file name="FavouriteQuotesList.js" path="/Users/Parth/Documents/NativeApps/Quotes/app/Components/FavouriteQuotesList.js">
          <metrics statements="19" coveredstatements="16" conditionals="4" coveredconditionals="3" methods="7" coveredmethods="3"/>
          <line num="1" count="1" type="stmt"/>
          <line num="2" count="1" type="stmt"/>
          <line num="3" count="1" type="stmt"/>
          <line num="4" count="1" type="stmt"/>
          <line num="5" count="1" type="stmt"/>
          <line num="6" count="1" type="stmt"/>
          <line num="8" count="2" type="stmt"/>
          <line num="14" count="2" type="stmt"/>
          <line num="15" count="2" type="cond" truecount="2" falsecount="0"/>
          <line num="16" count="1" type="stmt"/>
          <line num="21" count="1" type="cond" truecount="1" falsecount="1"/>
          <line num="22" count="1" type="stmt"/>
          <line num="28" count="0" type="stmt"/>
          <line num="29" count="0" type="stmt"/>
          <line num="38" count="0" type="stmt"/>
          <line num="44" count="1" type="stmt"/>
          <line num="47" count="1" type="stmt"/>
          <line num="53" count="1" type="stmt"/>
          <line num="61" count="1" type="stmt"/>
        </file>
        <file name="QuoteCategories.js" path="/Users/Parth/Documents/NativeApps/Quotes/app/Components/QuoteCategories.js">
          <metrics statements="21" coveredstatements="15" conditionals="4" coveredconditionals="4" methods="8" coveredmethods="3"/>
          <line num="1" count="1" type="stmt"/>
          <line num="2" count="1" type="stmt"/>
          <line num="3" count="1" type="stmt"/>
          <line num="4" count="1" type="stmt"/>
          <line num="5" count="1" type="stmt"/>
          <line num="7" count="4" type="stmt"/>
          <line num="13" count="4" type="stmt"/>
          <line num="15" count="4" type="cond" truecount="2" falsecount="0"/>
          <line num="32" count="0" type="stmt"/>
          <line num="33" count="0" type="stmt"/>
          <line num="37" count="0" type="stmt"/>
          <line num="43" count="1" type="stmt"/>
          <line num="46" count="1" type="stmt"/>
          <line num="54" count="1" type="stmt"/>
          <line num="55" count="0" type="stmt"/>
          <line num="60" count="1" type="stmt"/>
          <line num="62" count="1" type="stmt"/>
          <line num="63" count="0" type="stmt"/>
          <line num="65" count="0" type="stmt"/>
          <line num="68" count="1" type="stmt"/>
          <line num="70" count="1" type="stmt"/>
        </file>
        <file name="QuoteCell.js" path="/Users/Parth/Documents/NativeApps/Quotes/app/Components/QuoteCell.js">
          <metrics statements="19" coveredstatements="15" conditionals="2" coveredconditionals="2" methods="9" coveredmethods="5"/>
          <line num="1" count="2" type="stmt"/>
          <line num="2" count="2" type="stmt"/>
          <line num="3" count="2" type="stmt"/>
          <line num="4" count="2" type="stmt"/>
          <line num="5" count="2" type="stmt"/>
          <line num="7" count="3" type="stmt"/>
          <line num="8" count="3" type="stmt"/>
          <line num="10" count="3" type="stmt"/>
          <line num="21" count="1" type="stmt"/>
          <line num="27" count="1" type="stmt"/>
          <line num="38" count="2" type="stmt"/>
          <line num="41" count="2" type="stmt"/>
          <line num="42" count="0" type="stmt"/>
          <line num="43" count="0" type="stmt"/>
          <line num="48" count="2" type="stmt"/>
          <line num="50" count="0" type="stmt"/>
          <line num="53" count="0" type="stmt"/>
          <line num="58" count="2" type="stmt"/>
          <line num="61" count="2" type="stmt"/>
        </file>
        <file name="QuotesList.js" path="/Users/Parth/Documents/NativeApps/Quotes/app/Components/QuotesList.js">
          <metrics statements="16" coveredstatements="14" conditionals="0" coveredconditionals="0" methods="7" coveredmethods="3"/>
          <line num="1" count="1" type="stmt"/>
          <line num="2" count="1" type="stmt"/>
          <line num="3" count="1" type="stmt"/>
          <line num="4" count="1" type="stmt"/>
          <line num="5" count="1" type="stmt"/>
          <line num="7" count="1" type="stmt"/>
          <line num="18" count="1" type="stmt"/>
          <line num="19" count="1" type="stmt"/>
          <line num="21" count="1" type="stmt"/>
          <line num="23" count="1" type="stmt"/>
          <line num="28" count="0" type="stmt"/>
          <line num="35" count="0" type="stmt"/>
          <line num="39" count="1" type="stmt"/>
          <line num="44" count="1" type="stmt"/>
          <line num="52" count="1" type="stmt"/>
          <line num="59" count="1" type="stmt"/>
        </file>
      </package>
      <package name="Const">
        <metrics statements="2" coveredstatements="2" conditionals="0" coveredconditionals="0" methods="0" coveredmethods="0"/>
        <file name="FirebaseConfig.js" path="/Users/Parth/Documents/NativeApps/Quotes/app/Const/FirebaseConfig.js">
          <metrics statements="2" coveredstatements="2" conditionals="0" coveredconditionals="0" methods="0" coveredmethods="0"/>
          <line num="1" count="1" type="stmt"/>
          <line num="6" count="1" type="stmt"/>
        </file>
      </package>
      <package name="Reducer">
        <metrics statements="26" coveredstatements="26" conditionals="14" coveredconditionals="13" methods="5" coveredmethods="5"/>
        <file name="Quotes.js" path="/Users/Parth/Documents/NativeApps/Quotes/app/Reducer/Quotes.js">
          <metrics statements="26" coveredstatements="26" conditionals="14" coveredconditionals="13" methods="5" coveredmethods="5"/>
          <line num="1" count="3" type="stmt"/>
          <line num="2" count="3" type="stmt"/>
          <line num="10" count="13" type="cond" truecount="5" falsecount="1"/>
          <line num="11" count="13" type="cond" truecount="6" falsecount="0"/>
          <line num="13" count="4" type="stmt"/>
          <line num="21" count="1" type="stmt"/>
          <line num="28" count="2" type="stmt"/>
          <line num="30" count="2" type="cond" truecount="2" falsecount="0"/>
          <line num="31" count="1" type="stmt"/>
          <line num="32" count="1" type="stmt"/>
          <line num="37" count="2" type="stmt"/>
          <line num="43" count="2" type="stmt"/>
          <line num="44" count="2" type="stmt"/>
          <line num="45" count="2" type="stmt"/>
          <line num="46" count="2" type="stmt"/>
          <line num="47" count="2" type="stmt"/>
          <line num="54" count="3" type="stmt"/>
          <line num="61" count="1" type="stmt"/>
          <line num="65" count="3" type="stmt"/>
          <line num="66" count="1" type="stmt"/>
          <line num="67" count="3" type="stmt"/>
          <line num="69" count="3" type="stmt"/>
          <line num="70" count="1" type="stmt"/>
          <line num="71" count="3" type="stmt"/>
          <line num="72" count="3" type="stmt"/>
          <line num="78" count="3" type="stmt"/>
        </file>
      </package>
      <package name="Sagas">
        <metrics statements="29" coveredstatements="15" conditionals="65" coveredconditionals="1" methods="22" coveredmethods="2"/>
        <file name="Quotes.js" path="/Users/Parth/Documents/NativeApps/Quotes/app/Sagas/Quotes.js">
          <metrics statements="29" coveredstatements="15" conditionals="65" coveredconditionals="1" methods="22" coveredmethods="2"/>
          <line num="1" count="1" type="stmt"/>
          <line num="2" count="1" type="stmt"/>
          <line num="3" count="1" type="stmt"/>
          <line num="4" count="1" type="stmt"/>
          <line num="5" count="1" type="stmt"/>
          <line num="6" count="1" type="stmt"/>
          <line num="9" count="1" type="stmt"/>
          <line num="39" count="1" type="stmt"/>
          <line num="44" count="1" type="stmt"/>
          <line num="73" count="1" type="stmt"/>
          <line num="78" count="1" type="stmt"/>
          <line num="92" count="1" type="stmt"/>
          <line num="96" count="1" type="cond" truecount="1" falsecount="48"/>
          <line num="98" count="0" type="cond" truecount="0" falsecount="2"/>
          <line num="99" count="0" type="stmt"/>
          <line num="100" count="0" type="stmt"/>
          <line num="102" count="0" type="stmt"/>
          <line num="105" count="0" type="stmt"/>
          <line num="109" count="1" type="cond" truecount="0" falsecount="5"/>
          <line num="111" count="0" type="stmt"/>
          <line num="112" count="0" type="stmt"/>
          <line num="115" count="0" type="stmt"/>
          <line num="119" count="1" type="cond" truecount="0" falsecount="7"/>
          <line num="121" count="0" type="cond" truecount="0" falsecount="2"/>
          <line num="122" count="0" type="stmt"/>
          <line num="126" count="0" type="stmt"/>
          <line num="127" count="0" type="stmt"/>
          <line num="131" count="0" type="stmt"/>
          <line num="132" count="0" type="stmt"/>
        </file>
      </package>
      <package name="actions">
        <metrics statements="17" coveredstatements="17" conditionals="4" coveredconditionals="4" methods="8" coveredmethods="8"/>
        <file name="Quotes.js" path="/Users/Parth/Documents/NativeApps/Quotes/app/actions/Quotes.js">
          <metrics statements="17" coveredstatements="17" conditionals="4" coveredconditionals="4" methods="8" coveredmethods="8"/>
          <line num="1" count="6" type="stmt"/>
          <line num="2" count="5" type="stmt"/>
          <line num="7" count="6" type="stmt"/>
          <line num="8" count="6" type="stmt"/>
          <line num="9" count="6" type="stmt"/>
          <line num="12" count="6" type="stmt"/>
          <line num="13" count="6" type="stmt"/>
          <line num="16" count="6" type="stmt"/>
          <line num="19" count="6" type="stmt"/>
          <line num="22" count="6" type="stmt"/>
          <line num="25" count="6" type="stmt"/>
          <line num="29" count="6" type="stmt"/>
          <line num="32" count="6" type="stmt"/>
          <line num="35" count="6" type="stmt"/>
          <line num="38" count="6" type="stmt"/>
          <line num="41" count="6" type="cond" truecount="4" falsecount="0"/>
          <line num="43" count="6" type="stmt"/>
        </file>
      </package>
      <package name="tests">
        <metrics statements="4" coveredstatements="4" conditionals="0" coveredconditionals="0" methods="0" coveredmethods="0"/>
        <file name="setup.js" path="/Users/Parth/Documents/NativeApps/Quotes/app/tests/setup.js">
          <metrics statements="4" coveredstatements="4" conditionals="0" coveredconditionals="0" methods="0" coveredmethods="0"/>
          <line num="1" count="9" type="stmt"/>
          <line num="2" count="9" type="stmt"/>
          <line num="4" count="9" type="stmt"/>
          <line num="8" count="9" type="stmt"/>
        </file>
      </package>
      <package name="tests.fixtures">
        <metrics statements="6" coveredstatements="6" conditionals="0" coveredconditionals="0" methods="0" coveredmethods="0"/>
        <file name="favourites-fixture.js" path="/Users/Parth/Documents/NativeApps/Quotes/app/tests/fixtures/favourites-fixture.js">
          <metrics statements="4" coveredstatements="4" conditionals="0" coveredconditionals="0" methods="0" coveredmethods="0"/>
          <line num="1" count="6" type="stmt"/>
          <line num="4" count="6" type="stmt"/>
          <line num="7" count="6" type="stmt"/>
          <line num="12" count="6" type="stmt"/>
        </file>
        <file name="quotes-fixture.js" path="/Users/Parth/Documents/NativeApps/Quotes/app/tests/fixtures/quotes-fixture.js">
          <metrics statements="2" coveredstatements="2" conditionals="0" coveredconditionals="0" methods="0" coveredmethods="0"/>
          <line num="1" count="7" type="stmt"/>
          <line num="51" count="7" type="stmt"/>
        </file>
      </package>
    </metrics>
  </project>
</coverage>
