{"/Users/Parth/Documents/NativeApps/Quotes/app/Components/CategoryCell.js": {"path":"/Users/Parth/Documents/NativeApps/Quotes/app/Components/CategoryCell.js","statementMap":{"0":{"start":{"line":1,"column":42},"end":{"line":1,"column":97}},"1":{"start":{"line":1,"column":128},"end":{"line":1,"column":184}},"2":{"start":{"line":1,"column":185},"end":{"line":1,"column":247}},"3":{"start":{"line":1,"column":247},"end":{"line":1,"column":272}},"4":{"start":{"line":1,"column":295},"end":{"line":1,"column":367}},"5":{"start":{"line":1,"column":388},"end":{"line":1,"column":457}},"6":{"start":{"line":1,"column":492},"end":{"line":1,"column":575}},"7":{"start":{"line":1,"column":599},"end":{"line":1,"column":671}},"8":{"start":{"line":1,"column":689},"end":{"line":1,"column":755}},"9":{"start":{"line":1,"column":769},"end":{"line":1,"column":810}},"10":{"start":{"line":2,"column":19},"end":{"line":2,"column":42}},"11":{"start":{"line":2,"column":62},"end":{"line":2,"column":135}},"12":{"start":{"line":4,"column":15},"end":{"line":21,"column":49}},"13":{"start":{"line":4,"column":38},"end":{"line":4,"column":88}},"14":{"start":{"line":4,"column":113},"end":{"line":4,"column":163}},"15":{"start":{"line":4,"column":163},"end":{"line":4,"column":285}},"16":{"start":{"line":4,"column":286},"end":{"line":21,"column":10}},"17":{"start":{"line":5,"column":17},"end":{"line":5,"column":21}},"18":{"start":{"line":6,"column":6},"end":{"line":16,"column":216}},"19":{"start":{"line":8,"column":39},"end":{"line":8,"column":112}},"20":{"start":{"line":16,"column":56},"end":{"line":16,"column":209}},"21":{"start":{"line":21,"column":10},"end":{"line":21,"column":30}},"22":{"start":{"line":21,"column":50},"end":{"line":21,"column":81}},"23":{"start":{"line":25,"column":13},"end":{"line":58,"column":21}}},"fnMap":{"0":{"name":"(anonymous_0)","decl":{"start":{"line":4,"column":15},"end":{"line":4,"column":16}},"loc":{"start":{"line":4,"column":37},"end":{"line":21,"column":31}},"line":4},"1":{"name":"CategoryCell","decl":{"start":{"line":4,"column":97},"end":{"line":4,"column":109}},"loc":{"start":{"line":4,"column":112},"end":{"line":4,"column":286}},"line":4},"2":{"name":"render","decl":{"start":{"line":4,"column":361},"end":{"line":4,"column":367}},"loc":{"start":{"line":5,"column":4},"end":{"line":21,"column":5}},"line":5},"3":{"name":"onPress","decl":{"start":{"line":8,"column":28},"end":{"line":8,"column":35}},"loc":{"start":{"line":8,"column":38},"end":{"line":8,"column":113}},"line":8},"4":{"name":"(anonymous_4)","decl":{"start":{"line":16,"column":39},"end":{"line":16,"column":40}},"loc":{"start":{"line":16,"column":55},"end":{"line":16,"column":210}},"line":16}},"branchMap":{},"s":{"0":2,"1":2,"2":2,"3":2,"4":2,"5":2,"6":2,"7":2,"8":2,"9":2,"10":2,"11":2,"12":2,"13":2,"14":2,"15":2,"16":2,"17":2,"18":2,"19":1,"20":6,"21":2,"22":2,"23":2},"f":{"0":2,"1":2,"2":2,"3":1,"4":6},"b":{},"_coverageSchema":"332fd63041d2c1bcb487cc26dd0d5f7d97098a6c","hash":"4b4127f37909e44bfddb78c6c3989969b4f7bf52"}
,"/Users/Parth/Documents/NativeApps/Quotes/app/Components/FavouriteQuoteCell.js": {"path":"/Users/Parth/Documents/NativeApps/Quotes/app/Components/FavouriteQuoteCell.js","statementMap":{"0":{"start":{"line":1,"column":42},"end":{"line":1,"column":97}},"1":{"start":{"line":1,"column":98},"end":{"line":1,"column":160}},"2":{"start":{"line":1,"column":160},"end":{"line":1,"column":185}},"3":{"start":{"line":1,"column":198},"end":{"line":1,"column":238}},"4":{"start":{"line":2,"column":19},"end":{"line":2,"column":42}},"5":{"start":{"line":2,"column":62},"end":{"line":2,"column":141}},"6":{"start":{"line":4,"column":25},"end":{"line":22,"column":1}},"7":{"start":{"line":5,"column":2},"end":{"line":15,"column":29}},"8":{"start":{"line":7,"column":35},"end":{"line":7,"column":138}},"9":{"start":{"line":24,"column":0},"end":{"line":24,"column":18}},"10":{"start":{"line":24,"column":19},"end":{"line":24,"column":46}},"11":{"start":{"line":26,"column":13},"end":{"line":65,"column":29}}},"fnMap":{"0":{"name":"FavouriteQuoteCell","decl":{"start":{"line":4,"column":34},"end":{"line":4,"column":52}},"loc":{"start":{"line":4,"column":60},"end":{"line":22,"column":1}},"line":4},"1":{"name":"onPress","decl":{"start":{"line":7,"column":24},"end":{"line":7,"column":31}},"loc":{"start":{"line":7,"column":34},"end":{"line":7,"column":139}},"line":7}},"branchMap":{},"s":{"0":2,"1":2,"2":2,"3":2,"4":2,"5":2,"6":2,"7":2,"8":1,"9":2,"10":2,"11":2},"f":{"0":2,"1":1},"b":{},"_coverageSchema":"332fd63041d2c1bcb487cc26dd0d5f7d97098a6c","hash":"154f971592f48ea30d86545ce08e0bf63278d6ea"}
,"/Users/Parth/Documents/NativeApps/Quotes/app/Components/FavouriteQuotesList.js": {"path":"/Users/Parth/Documents/NativeApps/Quotes/app/Components/FavouriteQuotesList.js","statementMap":{"0":{"start":{"line":1,"column":42},"end":{"line":1,"column":97}},"1":{"start":{"line":1,"column":128},"end":{"line":1,"column":184}},"2":{"start":{"line":1,"column":185},"end":{"line":1,"column":247}},"3":{"start":{"line":1,"column":247},"end":{"line":1,"column":302}},"4":{"start":{"line":1,"column":325},"end":{"line":1,"column":397}},"5":{"start":{"line":1,"column":418},"end":{"line":1,"column":487}},"6":{"start":{"line":1,"column":522},"end":{"line":1,"column":605}},"7":{"start":{"line":1,"column":629},"end":{"line":1,"column":701}},"8":{"start":{"line":1,"column":719},"end":{"line":1,"column":785}},"9":{"start":{"line":1,"column":799},"end":{"line":1,"column":840}},"10":{"start":{"line":2,"column":19},"end":{"line":2,"column":42}},"11":{"start":{"line":3,"column":18},"end":{"line":3,"column":40}},"12":{"start":{"line":4,"column":23},"end":{"line":4,"column":50}},"13":{"start":{"line":5,"column":26},"end":{"line":5,"column":81}},"14":{"start":{"line":6,"column":14},"end":{"line":6,"column":42}},"15":{"start":{"line":6,"column":62},"end":{"line":6,"column":142}},"16":{"start":{"line":8,"column":22},"end":{"line":44,"column":56}},"17":{"start":{"line":8,"column":45},"end":{"line":8,"column":102}},"18":{"start":{"line":8,"column":134},"end":{"line":8,"column":191}},"19":{"start":{"line":8,"column":191},"end":{"line":8,"column":320}},"20":{"start":{"line":8,"column":321},"end":{"line":44,"column":10}},"21":{"start":{"line":14,"column":17},"end":{"line":14,"column":21}},"22":{"start":{"line":15,"column":6},"end":{"line":34,"column":7}},"23":{"start":{"line":16,"column":8},"end":{"line":18,"column":146}},"24":{"start":{"line":21,"column":13},"end":{"line":34,"column":7}},"25":{"start":{"line":22,"column":8},"end":{"line":29,"column":135}},"26":{"start":{"line":28,"column":62},"end":{"line":28,"column":71}},"27":{"start":{"line":28,"column":72},"end":{"line":28,"column":126}},"28":{"start":{"line":29,"column":60},"end":{"line":29,"column":73}},"29":{"start":{"line":38,"column":6},"end":{"line":41,"column":79}},"30":{"start":{"line":44,"column":10},"end":{"line":44,"column":37}},"31":{"start":{"line":44,"column":57},"end":{"line":44,"column":107}},"32":{"start":{"line":44,"column":107},"end":{"line":44,"column":171}},"33":{"start":{"line":47,"column":22},"end":{"line":49,"column":63}},"34":{"start":{"line":47,"column":55},"end":{"line":49,"column":62}},"35":{"start":{"line":53,"column":13},"end":{"line":57,"column":29}},"36":{"start":{"line":61,"column":0},"end":{"line":61,"column":62}},"37":{"start":{"line":61,"column":63},"end":{"line":61,"column":90}}},"fnMap":{"0":{"name":"(anonymous_0)","decl":{"start":{"line":8,"column":22},"end":{"line":8,"column":23}},"loc":{"start":{"line":8,"column":44},"end":{"line":44,"column":38}},"line":8},"1":{"name":"FavouriteQuotesList","decl":{"start":{"line":8,"column":111},"end":{"line":8,"column":130}},"loc":{"start":{"line":8,"column":133},"end":{"line":8,"column":321}},"line":8},"2":{"name":"render","decl":{"start":{"line":8,"column":403},"end":{"line":8,"column":409}},"loc":{"start":{"line":14,"column":4},"end":{"line":35,"column":5}},"line":14},"3":{"name":"renderItem","decl":{"start":{"line":28,"column":33},"end":{"line":28,"column":43}},"loc":{"start":{"line":28,"column":50},"end":{"line":28,"column":127}},"line":28},"4":{"name":"keyIterator","decl":{"start":{"line":29,"column":34},"end":{"line":29,"column":45}},"loc":{"start":{"line":29,"column":59},"end":{"line":29,"column":74}},"line":29},"5":{"name":"renderItem","decl":{"start":{"line":35,"column":46},"end":{"line":35,"column":56}},"loc":{"start":{"line":37,"column":22},"end":{"line":44,"column":5}},"line":37},"6":{"name":"mapStateToProps","decl":{"start":{"line":47,"column":31},"end":{"line":47,"column":46}},"loc":{"start":{"line":47,"column":54},"end":{"line":49,"column":63}},"line":47}},"branchMap":{"0":{"loc":{"start":{"line":15,"column":6},"end":{"line":34,"column":7}},"type":"if","locations":[{"start":{"line":15,"column":6},"end":{"line":34,"column":7}},{"start":{"line":15,"column":6},"end":{"line":34,"column":7}}],"line":15},"1":{"loc":{"start":{"line":21,"column":13},"end":{"line":34,"column":7}},"type":"if","locations":[{"start":{"line":21,"column":13},"end":{"line":34,"column":7}},{"start":{"line":21,"column":13},"end":{"line":34,"column":7}}],"line":21}},"s":{"0":1,"1":1,"2":1,"3":1,"4":1,"5":1,"6":1,"7":1,"8":1,"9":1,"10":1,"11":1,"12":1,"13":1,"14":1,"15":1,"16":1,"17":1,"18":2,"19":2,"20":1,"21":2,"22":2,"23":1,"24":1,"25":1,"26":0,"27":0,"28":0,"29":0,"30":1,"31":1,"32":1,"33":1,"34":0,"35":1,"36":1,"37":1},"f":{"0":1,"1":2,"2":2,"3":0,"4":0,"5":0,"6":0},"b":{"0":[1,1],"1":[1,0]},"_coverageSchema":"332fd63041d2c1bcb487cc26dd0d5f7d97098a6c","hash":"e9071cbf3fcb0e4596464dd3e8f07f07e318169e"}
,"/Users/Parth/Documents/NativeApps/Quotes/app/Components/QuoteCategories.js": {"path":"/Users/Parth/Documents/NativeApps/Quotes/app/Components/QuoteCategories.js","statementMap":{"0":{"start":{"line":1,"column":42},"end":{"line":1,"column":97}},"1":{"start":{"line":1,"column":128},"end":{"line":1,"column":184}},"2":{"start":{"line":1,"column":185},"end":{"line":1,"column":247}},"3":{"start":{"line":1,"column":247},"end":{"line":1,"column":353}},"4":{"start":{"line":1,"column":376},"end":{"line":1,"column":448}},"5":{"start":{"line":1,"column":469},"end":{"line":1,"column":538}},"6":{"start":{"line":1,"column":573},"end":{"line":1,"column":656}},"7":{"start":{"line":1,"column":680},"end":{"line":1,"column":752}},"8":{"start":{"line":1,"column":770},"end":{"line":1,"column":836}},"9":{"start":{"line":1,"column":850},"end":{"line":1,"column":891}},"10":{"start":{"line":2,"column":19},"end":{"line":2,"column":42}},"11":{"start":{"line":3,"column":20},"end":{"line":3,"column":81}},"12":{"start":{"line":4,"column":18},"end":{"line":4,"column":40}},"13":{"start":{"line":5,"column":14},"end":{"line":5,"column":42}},"14":{"start":{"line":5,"column":62},"end":{"line":5,"column":138}},"15":{"start":{"line":7,"column":18},"end":{"line":43,"column":52}},"16":{"start":{"line":7,"column":41},"end":{"line":7,"column":94}},"17":{"start":{"line":7,"column":122},"end":{"line":7,"column":175}},"18":{"start":{"line":7,"column":175},"end":{"line":7,"column":300}},"19":{"start":{"line":7,"column":301},"end":{"line":43,"column":10}},"20":{"start":{"line":13,"column":17},"end":{"line":13,"column":21}},"21":{"start":{"line":15,"column":6},"end":{"line":39,"column":126}},"22":{"start":{"line":32,"column":58},"end":{"line":32,"column":67}},"23":{"start":{"line":32,"column":76},"end":{"line":32,"column":86}},"24":{"start":{"line":33,"column":10},"end":{"line":34,"column":186}},"25":{"start":{"line":37,"column":51},"end":{"line":37,"column":72}},"26":{"start":{"line":43,"column":10},"end":{"line":43,"column":33}},"27":{"start":{"line":43,"column":53},"end":{"line":43,"column":95}},"28":{"start":{"line":43,"column":95},"end":{"line":43,"column":155}},"29":{"start":{"line":46,"column":13},"end":{"line":50,"column":29}},"30":{"start":{"line":54,"column":22},"end":{"line":60,"column":1}},"31":{"start":{"line":55,"column":2},"end":{"line":58,"column":23}},"32":{"start":{"line":60,"column":2},"end":{"line":60,"column":44}},"33":{"start":{"line":62,"column":25},"end":{"line":68,"column":1}},"34":{"start":{"line":63,"column":2},"end":{"line":66,"column":8}},"35":{"start":{"line":65,"column":6},"end":{"line":65,"column":43}},"36":{"start":{"line":68,"column":2},"end":{"line":68,"column":50}},"37":{"start":{"line":70,"column":0},"end":{"line":70,"column":78}},"38":{"start":{"line":70,"column":79},"end":{"line":70,"column":106}}},"fnMap":{"0":{"name":"(anonymous_0)","decl":{"start":{"line":7,"column":18},"end":{"line":7,"column":19}},"loc":{"start":{"line":7,"column":40},"end":{"line":43,"column":34}},"line":7},"1":{"name":"QuoteCategories","decl":{"start":{"line":7,"column":103},"end":{"line":7,"column":118}},"loc":{"start":{"line":7,"column":121},"end":{"line":7,"column":301}},"line":7},"2":{"name":"render","decl":{"start":{"line":7,"column":379},"end":{"line":7,"column":385}},"loc":{"start":{"line":13,"column":4},"end":{"line":43,"column":5}},"line":13},"3":{"name":"renderItem","decl":{"start":{"line":32,"column":29},"end":{"line":32,"column":39}},"loc":{"start":{"line":32,"column":46},"end":{"line":36,"column":9}},"line":32},"4":{"name":"keyExtractor","decl":{"start":{"line":37,"column":31},"end":{"line":37,"column":43}},"loc":{"start":{"line":37,"column":50},"end":{"line":37,"column":73}},"line":37},"5":{"name":"mapStateToProps","decl":{"start":{"line":54,"column":31},"end":{"line":54,"column":46}},"loc":{"start":{"line":54,"column":54},"end":{"line":60,"column":1}},"line":54},"6":{"name":"mapDispatchToProps","decl":{"start":{"line":62,"column":34},"end":{"line":62,"column":52}},"loc":{"start":{"line":62,"column":63},"end":{"line":68,"column":1}},"line":62},"7":{"name":"fetchQuotes","decl":{"start":{"line":64,"column":26},"end":{"line":64,"column":37}},"loc":{"start":{"line":64,"column":40},"end":{"line":66,"column":5}},"line":64}},"branchMap":{"0":{"loc":{"start":{"line":15,"column":13},"end":{"line":39,"column":125}},"type":"cond-expr","locations":[{"start":{"line":16,"column":6},"end":{"line":20,"column":97}},{"start":{"line":23,"column":6},"end":{"line":39,"column":125}}],"line":15},"1":{"loc":{"start":{"line":23,"column":6},"end":{"line":39,"column":125}},"type":"cond-expr","locations":[{"start":{"line":24,"column":6},"end":{"line":25,"column":140}},{"start":{"line":28,"column":6},"end":{"line":39,"column":125}}],"line":23}},"s":{"0":1,"1":1,"2":1,"3":1,"4":1,"5":1,"6":1,"7":1,"8":1,"9":1,"10":1,"11":1,"12":1,"13":1,"14":1,"15":1,"16":1,"17":4,"18":4,"19":1,"20":4,"21":4,"22":0,"23":0,"24":0,"25":0,"26":1,"27":1,"28":1,"29":1,"30":1,"31":0,"32":1,"33":1,"34":0,"35":0,"36":1,"37":1,"38":1},"f":{"0":1,"1":4,"2":4,"3":0,"4":0,"5":0,"6":0,"7":0},"b":{"0":[2,2],"1":[1,1]},"_coverageSchema":"332fd63041d2c1bcb487cc26dd0d5f7d97098a6c","hash":"3ae89e83c18f3f4d548fa45cd0e046e16f473601"}
,"/Users/Parth/Documents/NativeApps/Quotes/app/Components/QuoteCell.js": {"path":"/Users/Parth/Documents/NativeApps/Quotes/app/Components/QuoteCell.js","statementMap":{"0":{"start":{"line":1,"column":42},"end":{"line":1,"column":97}},"1":{"start":{"line":1,"column":128},"end":{"line":1,"column":184}},"2":{"start":{"line":1,"column":185},"end":{"line":1,"column":247}},"3":{"start":{"line":1,"column":247},"end":{"line":1,"column":292}},"4":{"start":{"line":1,"column":315},"end":{"line":1,"column":387}},"5":{"start":{"line":1,"column":408},"end":{"line":1,"column":477}},"6":{"start":{"line":1,"column":512},"end":{"line":1,"column":595}},"7":{"start":{"line":1,"column":619},"end":{"line":1,"column":691}},"8":{"start":{"line":1,"column":709},"end":{"line":1,"column":775}},"9":{"start":{"line":1,"column":789},"end":{"line":1,"column":830}},"10":{"start":{"line":2,"column":19},"end":{"line":2,"column":42}},"11":{"start":{"line":3,"column":16},"end":{"line":3,"column":85}},"12":{"start":{"line":4,"column":18},"end":{"line":4,"column":40}},"13":{"start":{"line":5,"column":14},"end":{"line":5,"column":42}},"14":{"start":{"line":5,"column":62},"end":{"line":5,"column":132}},"15":{"start":{"line":7,"column":12},"end":{"line":38,"column":46}},"16":{"start":{"line":7,"column":35},"end":{"line":7,"column":82}},"17":{"start":{"line":7,"column":104},"end":{"line":7,"column":151}},"18":{"start":{"line":7,"column":151},"end":{"line":7,"column":270}},"19":{"start":{"line":7,"column":271},"end":{"line":38,"column":10}},"20":{"start":{"line":8,"column":17},"end":{"line":8,"column":21}},"21":{"start":{"line":10,"column":6},"end":{"line":29,"column":164}},"22":{"start":{"line":21,"column":12},"end":{"line":21,"column":72}},"23":{"start":{"line":27,"column":12},"end":{"line":27,"column":70}},"24":{"start":{"line":38,"column":10},"end":{"line":38,"column":27}},"25":{"start":{"line":38,"column":47},"end":{"line":38,"column":77}},"26":{"start":{"line":41,"column":24},"end":{"line":46,"column":1}},"27":{"start":{"line":42,"column":2},"end":{"line":42,"column":37}},"28":{"start":{"line":43,"column":2},"end":{"line":44,"column":35}},"29":{"start":{"line":48,"column":27},"end":{"line":54,"column":9}},"30":{"start":{"line":48,"column":68},"end":{"line":54,"column":8}},"31":{"start":{"line":50,"column":6},"end":{"line":50,"column":58}},"32":{"start":{"line":53,"column":6},"end":{"line":53,"column":60}},"33":{"start":{"line":58,"column":0},"end":{"line":58,"column":76}},"34":{"start":{"line":58,"column":77},"end":{"line":58,"column":104}},"35":{"start":{"line":61,"column":13},"end":{"line":87,"column":21}}},"fnMap":{"0":{"name":"(anonymous_0)","decl":{"start":{"line":7,"column":12},"end":{"line":7,"column":13}},"loc":{"start":{"line":7,"column":34},"end":{"line":38,"column":28}},"line":7},"1":{"name":"QuoteCell","decl":{"start":{"line":7,"column":91},"end":{"line":7,"column":100}},"loc":{"start":{"line":7,"column":103},"end":{"line":7,"column":271}},"line":7},"2":{"name":"render","decl":{"start":{"line":7,"column":343},"end":{"line":7,"column":349}},"loc":{"start":{"line":8,"column":4},"end":{"line":38,"column":5}},"line":8},"3":{"name":"onPress","decl":{"start":{"line":20,"column":88},"end":{"line":20,"column":95}},"loc":{"start":{"line":20,"column":98},"end":{"line":22,"column":11}},"line":20},"4":{"name":"onPress","decl":{"start":{"line":25,"column":88},"end":{"line":25,"column":95}},"loc":{"start":{"line":25,"column":98},"end":{"line":28,"column":11}},"line":25},"5":{"name":"matchStateToProps","decl":{"start":{"line":41,"column":33},"end":{"line":41,"column":50}},"loc":{"start":{"line":41,"column":58},"end":{"line":46,"column":1}},"line":41},"6":{"name":"matchDisptachToProps","decl":{"start":{"line":48,"column":36},"end":{"line":48,"column":56}},"loc":{"start":{"line":48,"column":67},"end":{"line":54,"column":9}},"line":48},"7":{"name":"save","decl":{"start":{"line":49,"column":19},"end":{"line":49,"column":23}},"loc":{"start":{"line":49,"column":38},"end":{"line":51,"column":5}},"line":49},"8":{"name":"unsave","decl":{"start":{"line":52,"column":21},"end":{"line":52,"column":27}},"loc":{"start":{"line":52,"column":42},"end":{"line":54,"column":5}},"line":52}},"branchMap":{"0":{"loc":{"start":{"line":19,"column":8},"end":{"line":29,"column":160}},"type":"cond-expr","locations":[{"start":{"line":20,"column":8},"end":{"line":23,"column":163}},{"start":{"line":25,"column":8},"end":{"line":29,"column":160}}],"line":19}},"s":{"0":2,"1":2,"2":2,"3":2,"4":2,"5":2,"6":2,"7":2,"8":2,"9":2,"10":2,"11":2,"12":2,"13":2,"14":2,"15":2,"16":2,"17":3,"18":3,"19":2,"20":3,"21":3,"22":1,"23":1,"24":2,"25":2,"26":2,"27":0,"28":0,"29":2,"30":0,"31":0,"32":0,"33":2,"34":2,"35":2},"f":{"0":2,"1":3,"2":3,"3":1,"4":1,"5":0,"6":0,"7":0,"8":0},"b":{"0":[2,1]},"_coverageSchema":"332fd63041d2c1bcb487cc26dd0d5f7d97098a6c","hash":"2e19d7a0fdd9a1ee527bbcc93c7bbdb4f9f1d06d"}
,"/Users/Parth/Documents/NativeApps/Quotes/app/Components/QuotesList.js": {"path":"/Users/Parth/Documents/NativeApps/Quotes/app/Components/QuotesList.js","statementMap":{"0":{"start":{"line":1,"column":42},"end":{"line":1,"column":97}},"1":{"start":{"line":1,"column":128},"end":{"line":1,"column":184}},"2":{"start":{"line":1,"column":185},"end":{"line":1,"column":247}},"3":{"start":{"line":1,"column":247},"end":{"line":1,"column":293}},"4":{"start":{"line":1,"column":316},"end":{"line":1,"column":388}},"5":{"start":{"line":1,"column":409},"end":{"line":1,"column":478}},"6":{"start":{"line":1,"column":513},"end":{"line":1,"column":596}},"7":{"start":{"line":1,"column":620},"end":{"line":1,"column":692}},"8":{"start":{"line":1,"column":710},"end":{"line":1,"column":776}},"9":{"start":{"line":1,"column":790},"end":{"line":1,"column":831}},"10":{"start":{"line":2,"column":19},"end":{"line":2,"column":42}},"11":{"start":{"line":3,"column":18},"end":{"line":3,"column":40}},"12":{"start":{"line":4,"column":14},"end":{"line":4,"column":42}},"13":{"start":{"line":5,"column":17},"end":{"line":5,"column":75}},"14":{"start":{"line":5,"column":95},"end":{"line":5,"column":166}},"15":{"start":{"line":7,"column":13},"end":{"line":39,"column":47}},"16":{"start":{"line":7,"column":36},"end":{"line":7,"column":84}},"17":{"start":{"line":7,"column":107},"end":{"line":7,"column":155}},"18":{"start":{"line":7,"column":155},"end":{"line":7,"column":275}},"19":{"start":{"line":7,"column":276},"end":{"line":39,"column":10}},"20":{"start":{"line":18,"column":19},"end":{"line":18,"column":40}},"21":{"start":{"line":19,"column":21},"end":{"line":19,"column":53}},"22":{"start":{"line":21,"column":19},"end":{"line":21,"column":53}},"23":{"start":{"line":23,"column":6},"end":{"line":35,"column":129}},"24":{"start":{"line":28,"column":60},"end":{"line":28,"column":69}},"25":{"start":{"line":28,"column":78},"end":{"line":28,"column":88}},"26":{"start":{"line":28,"column":89},"end":{"line":32,"column":87}},"27":{"start":{"line":35,"column":55},"end":{"line":35,"column":68}},"28":{"start":{"line":39,"column":10},"end":{"line":39,"column":28}},"29":{"start":{"line":39,"column":48},"end":{"line":39,"column":80}},"30":{"start":{"line":39,"column":80},"end":{"line":39,"column":289}},"31":{"start":{"line":39,"column":146},"end":{"line":39,"column":162}},"32":{"start":{"line":39,"column":163},"end":{"line":39,"column":216}},"33":{"start":{"line":39,"column":216},"end":{"line":39,"column":287}},"34":{"start":{"line":44,"column":13},"end":{"line":48,"column":29}},"35":{"start":{"line":52,"column":24},"end":{"line":55,"column":26}},"36":{"start":{"line":52,"column":59},"end":{"line":55,"column":25}},"37":{"start":{"line":59,"column":0},"end":{"line":59,"column":55}},"38":{"start":{"line":59,"column":56},"end":{"line":59,"column":83}}},"fnMap":{"0":{"name":"(anonymous_0)","decl":{"start":{"line":7,"column":13},"end":{"line":7,"column":14}},"loc":{"start":{"line":7,"column":35},"end":{"line":39,"column":29}},"line":7},"1":{"name":"QuotesList","decl":{"start":{"line":7,"column":93},"end":{"line":7,"column":103}},"loc":{"start":{"line":7,"column":106},"end":{"line":7,"column":276}},"line":7},"2":{"name":"render","decl":{"start":{"line":7,"column":349},"end":{"line":7,"column":355}},"loc":{"start":{"line":16,"column":4},"end":{"line":39,"column":5}},"line":16},"3":{"name":"renderItem","decl":{"start":{"line":28,"column":31},"end":{"line":28,"column":41}},"loc":{"start":{"line":28,"column":48},"end":{"line":32,"column":88}},"line":28},"4":{"name":"keyIterator","decl":{"start":{"line":35,"column":32},"end":{"line":35,"column":43}},"loc":{"start":{"line":35,"column":54},"end":{"line":35,"column":69}},"line":35},"5":{"name":"(anonymous_5)","decl":{"start":{"line":39,"column":111},"end":{"line":39,"column":112}},"loc":{"start":{"line":39,"column":128},"end":{"line":39,"column":288}},"line":39},"6":{"name":"matchStateToProps","decl":{"start":{"line":52,"column":33},"end":{"line":52,"column":50}},"loc":{"start":{"line":52,"column":58},"end":{"line":55,"column":26}},"line":52}},"branchMap":{},"s":{"0":1,"1":1,"2":1,"3":1,"4":1,"5":1,"6":1,"7":1,"8":1,"9":1,"10":1,"11":1,"12":1,"13":1,"14":1,"15":1,"16":1,"17":1,"18":1,"19":1,"20":1,"21":1,"22":1,"23":1,"24":0,"25":0,"26":0,"27":0,"28":1,"29":1,"30":1,"31":0,"32":0,"33":0,"34":1,"35":1,"36":0,"37":1,"38":1},"f":{"0":1,"1":1,"2":1,"3":0,"4":0,"5":0,"6":0},"b":{},"_coverageSchema":"332fd63041d2c1bcb487cc26dd0d5f7d97098a6c","hash":"ceea4ccde9cc9c915bf48e731fb184dacad03338"}
,"/Users/Parth/Documents/NativeApps/Quotes/app/Const/FirebaseConfig.js": {"path":"/Users/Parth/Documents/NativeApps/Quotes/app/Const/FirebaseConfig.js","statementMap":{"0":{"start":{"line":1,"column":13},"end":{"line":1,"column":75}},"1":{"start":{"line":1,"column":75},"end":{"line":1,"column":100}},"2":{"start":{"line":1,"column":115},"end":{"line":6,"column":42}},"3":{"start":{"line":6,"column":43},"end":{"line":6,"column":70}}},"fnMap":{},"branchMap":{},"s":{"0":1,"1":1,"2":1,"3":1},"f":{},"b":{},"_coverageSchema":"332fd63041d2c1bcb487cc26dd0d5f7d97098a6c","hash":"9152aad3000b4f17279c6bf485bcdcf8f38018aa"}
,"/Users/Parth/Documents/NativeApps/Quotes/app/Reducer/Quotes.js": {"path":"/Users/Parth/Documents/NativeApps/Quotes/app/Reducer/Quotes.js","statementMap":{"0":{"start":{"line":1,"column":42},"end":{"line":1,"column":97}},"1":{"start":{"line":1,"column":98},"end":{"line":1,"column":160}},"2":{"start":{"line":1,"column":160},"end":{"line":1,"column":187}},"3":{"start":{"line":1,"column":187},"end":{"line":1,"column":247}},"4":{"start":{"line":1,"column":269},"end":{"line":1,"column":340}},"5":{"start":{"line":1,"column":362},"end":{"line":1,"column":432}},"6":{"start":{"line":2,"column":19},"end":{"line":7,"column":27}},"7":{"start":{"line":10,"column":33},"end":{"line":10,"column":113}},"8":{"start":{"line":10,"column":127},"end":{"line":10,"column":174}},"9":{"start":{"line":11,"column":2},"end":{"line":61,"column":20}},"10":{"start":{"line":13,"column":6},"end":{"line":17,"column":29}},"11":{"start":{"line":21,"column":6},"end":{"line":24,"column":23}},"12":{"start":{"line":28,"column":25},"end":{"line":28,"column":58}},"13":{"start":{"line":30,"column":8},"end":{"line":36,"column":9}},"14":{"start":{"line":31,"column":27},"end":{"line":31,"column":62}},"15":{"start":{"line":32,"column":10},"end":{"line":34,"column":38}},"16":{"start":{"line":37,"column":8},"end":{"line":38,"column":15}},"17":{"start":{"line":43,"column":17},"end":{"line":43,"column":26}},"18":{"start":{"line":44,"column":23},"end":{"line":44,"column":38}},"19":{"start":{"line":45,"column":26},"end":{"line":45,"column":45}},"20":{"start":{"line":46,"column":26},"end":{"line":46,"column":99}},"21":{"start":{"line":46,"column":68},"end":{"line":46,"column":97}},"22":{"start":{"line":47,"column":8},"end":{"line":49,"column":37}},"23":{"start":{"line":54,"column":8},"end":{"line":57,"column":38}},"24":{"start":{"line":61,"column":6},"end":{"line":61,"column":19}},"25":{"start":{"line":65,"column":20},"end":{"line":67,"column":1}},"26":{"start":{"line":66,"column":2},"end":{"line":66,"column":26}},"27":{"start":{"line":67,"column":2},"end":{"line":67,"column":40}},"28":{"start":{"line":69,"column":25},"end":{"line":78,"column":1}},"29":{"start":{"line":70,"column":2},"end":{"line":77,"column":5}},"30":{"start":{"line":71,"column":4},"end":{"line":71,"column":26}},"31":{"start":{"line":71,"column":49},"end":{"line":71,"column":100}},"32":{"start":{"line":71,"column":112},"end":{"line":71,"column":134}},"33":{"start":{"line":71,"column":140},"end":{"line":71,"column":162}},"34":{"start":{"line":72,"column":4},"end":{"line":75,"column":28}},"35":{"start":{"line":78,"column":2},"end":{"line":78,"column":50}}},"fnMap":{"0":{"name":"_default","decl":{"start":{"line":10,"column":9},"end":{"line":10,"column":17}},"loc":{"start":{"line":10,"column":20},"end":{"line":63,"column":1}},"line":10},"1":{"name":"(anonymous_1)","decl":{"start":{"line":46,"column":50},"end":{"line":46,"column":51}},"loc":{"start":{"line":46,"column":67},"end":{"line":46,"column":98}},"line":46},"2":{"name":"getFavourites","decl":{"start":{"line":65,"column":29},"end":{"line":65,"column":42}},"loc":{"start":{"line":65,"column":50},"end":{"line":67,"column":1}},"line":65},"3":{"name":"getFavouriteQuotes","decl":{"start":{"line":69,"column":34},"end":{"line":69,"column":52}},"loc":{"start":{"line":69,"column":60},"end":{"line":78,"column":1}},"line":69},"4":{"name":"(anonymous_4)","decl":{"start":{"line":70,"column":30},"end":{"line":70,"column":31}},"loc":{"start":{"line":70,"column":53},"end":{"line":77,"column":3}},"line":70}},"branchMap":{"0":{"loc":{"start":{"line":10,"column":33},"end":{"line":10,"column":113}},"type":"cond-expr","locations":[{"start":{"line":10,"column":86},"end":{"line":10,"column":98}},{"start":{"line":10,"column":101},"end":{"line":10,"column":113}}],"line":10},"1":{"loc":{"start":{"line":10,"column":33},"end":{"line":10,"column":83}},"type":"binary-expr","locations":[{"start":{"line":10,"column":33},"end":{"line":10,"column":53}},{"start":{"line":10,"column":57},"end":{"line":10,"column":83}}],"line":10},"2":{"loc":{"start":{"line":10,"column":127},"end":{"line":10,"column":174}},"type":"cond-expr","locations":[{"start":{"line":10,"column":150},"end":{"line":10,"column":162}},{"start":{"line":10,"column":165},"end":{"line":10,"column":174}}],"line":10},"3":{"loc":{"start":{"line":11,"column":2},"end":{"line":61,"column":20}},"type":"switch","locations":[{"start":{"line":12,"column":4},"end":{"line":17,"column":29}},{"start":{"line":20,"column":4},"end":{"line":24,"column":23}},{"start":{"line":27,"column":4},"end":{"line":40,"column":7}},{"start":{"line":42,"column":4},"end":{"line":51,"column":7}},{"start":{"line":53,"column":4},"end":{"line":59,"column":7}},{"start":{"line":60,"column":4},"end":{"line":61,"column":19}}],"line":11},"4":{"loc":{"start":{"line":30,"column":8},"end":{"line":36,"column":9}},"type":"if","locations":[{"start":{"line":30,"column":8},"end":{"line":36,"column":9}},{"start":{"line":30,"column":8},"end":{"line":36,"column":9}}],"line":30}},"s":{"0":3,"1":3,"2":3,"3":3,"4":3,"5":3,"6":3,"7":13,"8":13,"9":13,"10":4,"11":1,"12":2,"13":2,"14":1,"15":1,"16":2,"17":2,"18":2,"19":2,"20":2,"21":2,"22":2,"23":3,"24":1,"25":3,"26":1,"27":3,"28":3,"29":1,"30":3,"31":3,"32":3,"33":3,"34":3,"35":3},"f":{"0":13,"1":2,"2":1,"3":1,"4":3},"b":{"0":[12,1],"1":[13,13],"2":[13,0],"3":[4,1,2,2,3,1],"4":[1,1]},"_coverageSchema":"332fd63041d2c1bcb487cc26dd0d5f7d97098a6c","hash":"180364a57b03afc9a7b0bca549ea9a6bf45a99ff"}
,"/Users/Parth/Documents/NativeApps/Quotes/app/Sagas/Quotes.js": {"path":"/Users/Parth/Documents/NativeApps/Quotes/app/Sagas/Quotes.js","statementMap":{"0":{"start":{"line":1,"column":42},"end":{"line":1,"column":97}},"1":{"start":{"line":1,"column":98},"end":{"line":1,"column":160}},"2":{"start":{"line":1,"column":160},"end":{"line":1,"column":204}},"3":{"start":{"line":1,"column":204},"end":{"line":1,"column":231}},"4":{"start":{"line":1,"column":250},"end":{"line":1,"column":311}},"5":{"start":{"line":1,"column":333},"end":{"line":1,"column":403}},"6":{"start":{"line":1,"column":419},"end":{"line":1,"column":448}},"7":{"start":{"line":2,"column":14},"end":{"line":2,"column":42}},"8":{"start":{"line":3,"column":15},"end":{"line":3,"column":43}},"9":{"start":{"line":4,"column":16},"end":{"line":4,"column":59}},"10":{"start":{"line":5,"column":22},"end":{"line":5,"column":80}},"11":{"start":{"line":6,"column":19},"end":{"line":6,"column":42}},"12":{"start":{"line":6,"column":57},"end":{"line":9,"column":14}},"13":{"start":{"line":9,"column":26},"end":{"line":39,"column":15}},"14":{"start":{"line":39,"column":27},"end":{"line":44,"column":14}},"15":{"start":{"line":44,"column":26},"end":{"line":73,"column":15}},"16":{"start":{"line":73,"column":27},"end":{"line":78,"column":17}},"17":{"start":{"line":78,"column":29},"end":{"line":92,"column":17}},"18":{"start":{"line":92,"column":29},"end":{"line":96,"column":9}},"19":{"start":{"line":96,"column":36},"end":{"line":96,"column":1117}},"20":{"start":{"line":96,"column":104},"end":{"line":96,"column":1099}},"21":{"start":{"line":96,"column":115},"end":{"line":96,"column":1098}},"22":{"start":{"line":96,"column":162},"end":{"line":96,"column":180}},"23":{"start":{"line":96,"column":180},"end":{"line":96,"column":445}},"24":{"start":{"line":96,"column":273},"end":{"line":96,"column":275}},"25":{"start":{"line":96,"column":276},"end":{"line":96,"column":388}},"26":{"start":{"line":96,"column":319},"end":{"line":96,"column":385}},"27":{"start":{"line":96,"column":388},"end":{"line":96,"column":400}},"28":{"start":{"line":96,"column":425},"end":{"line":96,"column":442}},"29":{"start":{"line":96,"column":452},"end":{"line":96,"column":476}},"30":{"start":{"line":96,"column":476},"end":{"line":96,"column":517}},"31":{"start":{"line":96,"column":491},"end":{"line":96,"column":510}},"32":{"start":{"line":96,"column":510},"end":{"line":96,"column":516}},"33":{"start":{"line":96,"column":517},"end":{"line":96,"column":535}},"34":{"start":{"line":96,"column":535},"end":{"line":96,"column":593}},"35":{"start":{"line":96,"column":600},"end":{"line":96,"column":618}},"36":{"start":{"line":96,"column":618},"end":{"line":96,"column":652}},"37":{"start":{"line":96,"column":659},"end":{"line":96,"column":686}},"38":{"start":{"line":96,"column":686},"end":{"line":96,"column":730}},"39":{"start":{"line":96,"column":704},"end":{"line":96,"column":723}},"40":{"start":{"line":96,"column":723},"end":{"line":96,"column":729}},"41":{"start":{"line":96,"column":730},"end":{"line":96,"column":749}},"42":{"start":{"line":96,"column":749},"end":{"line":96,"column":825}},"43":{"start":{"line":96,"column":833},"end":{"line":96,"column":852}},"44":{"start":{"line":96,"column":852},"end":{"line":96,"column":858}},"45":{"start":{"line":96,"column":866},"end":{"line":96,"column":885}},"46":{"start":{"line":96,"column":885},"end":{"line":96,"column":940}},"47":{"start":{"line":96,"column":948},"end":{"line":96,"column":967}},"48":{"start":{"line":96,"column":967},"end":{"line":96,"column":973}},"49":{"start":{"line":96,"column":981},"end":{"line":96,"column":1000}},"50":{"start":{"line":96,"column":1000},"end":{"line":96,"column":1055}},"51":{"start":{"line":96,"column":1074},"end":{"line":96,"column":1097}},"52":{"start":{"line":96,"column":1145},"end":{"line":96,"column":1419}},"53":{"start":{"line":96,"column":1215},"end":{"line":96,"column":1400}},"54":{"start":{"line":96,"column":1226},"end":{"line":96,"column":1399}},"55":{"start":{"line":96,"column":1275},"end":{"line":96,"column":1294}},"56":{"start":{"line":96,"column":1294},"end":{"line":96,"column":1356}},"57":{"start":{"line":96,"column":1374},"end":{"line":96,"column":1398}},"58":{"start":{"line":96,"column":1452},"end":{"line":96,"column":2696}},"59":{"start":{"line":96,"column":1521},"end":{"line":96,"column":2677}},"60":{"start":{"line":96,"column":1532},"end":{"line":96,"column":2676}},"61":{"start":{"line":96,"column":1581},"end":{"line":96,"column":1596}},"62":{"start":{"line":96,"column":1596},"end":{"line":96,"column":1623}},"63":{"start":{"line":96,"column":1623},"end":{"line":96,"column":1656}},"64":{"start":{"line":96,"column":1656},"end":{"line":96,"column":1698}},"65":{"start":{"line":96,"column":1698},"end":{"line":96,"column":1717}},"66":{"start":{"line":96,"column":1717},"end":{"line":96,"column":1751}},"67":{"start":{"line":96,"column":1758},"end":{"line":96,"column":1786}},"68":{"start":{"line":96,"column":1786},"end":{"line":96,"column":1847}},"69":{"start":{"line":96,"column":1820},"end":{"line":96,"column":1840}},"70":{"start":{"line":96,"column":1840},"end":{"line":96,"column":1846}},"71":{"start":{"line":96,"column":1847},"end":{"line":96,"column":1867}},"72":{"start":{"line":96,"column":1867},"end":{"line":96,"column":1919}},"73":{"start":{"line":96,"column":1927},"end":{"line":96,"column":1952}},"74":{"start":{"line":96,"column":1952},"end":{"line":96,"column":1994}},"75":{"start":{"line":96,"column":1967},"end":{"line":96,"column":1987}},"76":{"start":{"line":96,"column":1987},"end":{"line":96,"column":1993}},"77":{"start":{"line":96,"column":1994},"end":{"line":96,"column":2014}},"78":{"start":{"line":96,"column":2014},"end":{"line":96,"column":2091}},"79":{"start":{"line":96,"column":2099},"end":{"line":96,"column":2119}},"80":{"start":{"line":96,"column":2119},"end":{"line":96,"column":2125}},"81":{"start":{"line":96,"column":2133},"end":{"line":96,"column":2172}},"82":{"start":{"line":96,"column":2172},"end":{"line":96,"column":2221}},"83":{"start":{"line":96,"column":2221},"end":{"line":96,"column":2262}},"84":{"start":{"line":96,"column":2262},"end":{"line":96,"column":2324}},"85":{"start":{"line":96,"column":2324},"end":{"line":96,"column":2397}},"86":{"start":{"line":96,"column":2366},"end":{"line":96,"column":2397}},"87":{"start":{"line":96,"column":2397},"end":{"line":96,"column":2417}},"88":{"start":{"line":96,"column":2417},"end":{"line":96,"column":2460}},"89":{"start":{"line":96,"column":2468},"end":{"line":96,"column":2493}},"90":{"start":{"line":96,"column":2493},"end":{"line":96,"column":2535}},"91":{"start":{"line":96,"column":2508},"end":{"line":96,"column":2528}},"92":{"start":{"line":96,"column":2528},"end":{"line":96,"column":2534}},"93":{"start":{"line":96,"column":2535},"end":{"line":96,"column":2555}},"94":{"start":{"line":96,"column":2555},"end":{"line":96,"column":2632}},"95":{"start":{"line":96,"column":2651},"end":{"line":96,"column":2675}},"96":{"start":{"line":96,"column":2724},"end":{"line":96,"column":3002}},"97":{"start":{"line":96,"column":2794},"end":{"line":96,"column":2983}},"98":{"start":{"line":96,"column":2805},"end":{"line":96,"column":2982}},"99":{"start":{"line":96,"column":2854},"end":{"line":96,"column":2873}},"100":{"start":{"line":96,"column":2873},"end":{"line":96,"column":2939}},"101":{"start":{"line":96,"column":2957},"end":{"line":96,"column":2981}},"102":{"start":{"line":96,"column":3079},"end":{"line":96,"column":3775}},"103":{"start":{"line":96,"column":3151},"end":{"line":96,"column":3756}},"104":{"start":{"line":96,"column":3162},"end":{"line":96,"column":3755}},"105":{"start":{"line":96,"column":3211},"end":{"line":96,"column":3226}},"106":{"start":{"line":96,"column":3226},"end":{"line":96,"column":3253}},"107":{"start":{"line":96,"column":3253},"end":{"line":96,"column":3286}},"108":{"start":{"line":96,"column":3286},"end":{"line":96,"column":3305}},"109":{"start":{"line":96,"column":3305},"end":{"line":96,"column":3357}},"110":{"start":{"line":96,"column":3364},"end":{"line":96,"column":3392}},"111":{"start":{"line":96,"column":3392},"end":{"line":96,"column":3466}},"112":{"start":{"line":96,"column":3438},"end":{"line":96,"column":3463}},"113":{"start":{"line":96,"column":3466},"end":{"line":96,"column":3485}},"114":{"start":{"line":96,"column":3485},"end":{"line":96,"column":3538}},"115":{"start":{"line":96,"column":3545},"end":{"line":96,"column":3570}},"116":{"start":{"line":96,"column":3570},"end":{"line":96,"column":3612}},"117":{"start":{"line":96,"column":3585},"end":{"line":96,"column":3605}},"118":{"start":{"line":96,"column":3605},"end":{"line":96,"column":3611}},"119":{"start":{"line":96,"column":3612},"end":{"line":96,"column":3632}},"120":{"start":{"line":96,"column":3632},"end":{"line":96,"column":3711}},"121":{"start":{"line":96,"column":3730},"end":{"line":96,"column":3754}},"122":{"start":{"line":96,"column":3805},"end":{"line":96,"column":4090}},"123":{"start":{"line":96,"column":3877},"end":{"line":96,"column":4071}},"124":{"start":{"line":96,"column":3888},"end":{"line":96,"column":4070}},"125":{"start":{"line":96,"column":3937},"end":{"line":96,"column":3956}},"126":{"start":{"line":96,"column":3956},"end":{"line":96,"column":4027}},"127":{"start":{"line":96,"column":4045},"end":{"line":96,"column":4069}},"128":{"start":{"line":96,"column":4112},"end":{"line":105,"column":94}},"129":{"start":{"line":96,"column":4176},"end":{"line":105,"column":75}},"130":{"start":{"line":96,"column":4187},"end":{"line":105,"column":74}},"131":{"start":{"line":98,"column":10},"end":{"line":100,"column":11}},"132":{"start":{"line":99,"column":12},"end":{"line":99,"column":69}},"133":{"start":{"line":100,"column":11},"end":{"line":100,"column":30}},"134":{"start":{"line":102,"column":10},"end":{"line":105,"column":31}},"135":{"start":{"line":105,"column":49},"end":{"line":105,"column":73}},"136":{"start":{"line":109,"column":16},"end":{"line":115,"column":87}},"137":{"start":{"line":109,"column":48},"end":{"line":115,"column":86}},"138":{"start":{"line":109,"column":114},"end":{"line":115,"column":61}},"139":{"start":{"line":109,"column":125},"end":{"line":115,"column":60}},"140":{"start":{"line":109,"column":174},"end":{"line":109,"column":193}},"141":{"start":{"line":109,"column":193},"end":{"line":109,"column":212}},"142":{"start":{"line":109,"column":212},"end":{"line":111,"column":57}},"143":{"start":{"line":111,"column":64},"end":{"line":112,"column":16}},"144":{"start":{"line":112,"column":23},"end":{"line":112,"column":42}},"145":{"start":{"line":112,"column":42},"end":{"line":112,"column":79}},"146":{"start":{"line":112,"column":79},"end":{"line":115,"column":17}},"147":{"start":{"line":115,"column":35},"end":{"line":115,"column":59}},"148":{"start":{"line":119,"column":19},"end":{"line":132,"column":93}},"149":{"start":{"line":119,"column":57},"end":{"line":132,"column":92}},"150":{"start":{"line":119,"column":126},"end":{"line":132,"column":66}},"151":{"start":{"line":119,"column":137},"end":{"line":132,"column":65}},"152":{"start":{"line":119,"column":186},"end":{"line":119,"column":205}},"153":{"start":{"line":119,"column":205},"end":{"line":119,"column":224}},"154":{"start":{"line":119,"column":224},"end":{"line":121,"column":50}},"155":{"start":{"line":121,"column":57},"end":{"line":121,"column":80}},"156":{"start":{"line":121,"column":80},"end":{"line":122,"column":54}},"157":{"start":{"line":122,"column":28},"end":{"line":122,"column":47}},"158":{"start":{"line":122,"column":47},"end":{"line":122,"column":53}},"159":{"start":{"line":122,"column":54},"end":{"line":124,"column":17}},"160":{"start":{"line":126,"column":10},"end":{"line":126,"column":34}},"161":{"start":{"line":126,"column":34},"end":{"line":127,"column":21}},"162":{"start":{"line":127,"column":29},"end":{"line":127,"column":49}},"163":{"start":{"line":127,"column":49},"end":{"line":127,"column":55}},"164":{"start":{"line":127,"column":63},"end":{"line":127,"column":83}},"165":{"start":{"line":127,"column":83},"end":{"line":127,"column":120}},"166":{"start":{"line":131,"column":10},"end":{"line":131,"column":47}},"167":{"start":{"line":131,"column":47},"end":{"line":132,"column":21}},"168":{"start":{"line":132,"column":40},"end":{"line":132,"column":64}}},"fnMap":{"0":{"name":"setQuotesSaga","decl":{"start":{"line":96,"column":19},"end":{"line":96,"column":32}},"loc":{"start":{"line":96,"column":35},"end":{"line":96,"column":1118}},"line":96},"1":{"name":"setQuotesSaga$","decl":{"start":{"line":96,"column":78},"end":{"line":96,"column":92}},"loc":{"start":{"line":96,"column":103},"end":{"line":96,"column":1100}},"line":96},"2":{"name":"(anonymous_2)","decl":{"start":{"line":96,"column":241},"end":{"line":96,"column":242}},"loc":{"start":{"line":96,"column":261},"end":{"line":96,"column":401}},"line":96},"3":{"name":"(anonymous_3)","decl":{"start":{"line":96,"column":299},"end":{"line":96,"column":300}},"loc":{"start":{"line":96,"column":318},"end":{"line":96,"column":386}},"line":96},"4":{"name":"(anonymous_4)","decl":{"start":{"line":96,"column":409},"end":{"line":96,"column":410}},"loc":{"start":{"line":96,"column":424},"end":{"line":96,"column":443}},"line":96},"5":{"name":"watchSetQuotes","decl":{"start":{"line":96,"column":1127},"end":{"line":96,"column":1141}},"loc":{"start":{"line":96,"column":1144},"end":{"line":96,"column":1420}},"line":96},"6":{"name":"watchSetQuotes$","decl":{"start":{"line":96,"column":1187},"end":{"line":96,"column":1202}},"loc":{"start":{"line":96,"column":1214},"end":{"line":96,"column":1401}},"line":96},"7":{"name":"saveQuoteSaga","decl":{"start":{"line":96,"column":1429},"end":{"line":96,"column":1442}},"loc":{"start":{"line":96,"column":1451},"end":{"line":96,"column":2697}},"line":96},"8":{"name":"saveQuoteSaga$","decl":{"start":{"line":96,"column":1494},"end":{"line":96,"column":1508}},"loc":{"start":{"line":96,"column":1520},"end":{"line":96,"column":2678}},"line":96},"9":{"name":"watchSaveQuote","decl":{"start":{"line":96,"column":2706},"end":{"line":96,"column":2720}},"loc":{"start":{"line":96,"column":2723},"end":{"line":96,"column":3003}},"line":96},"10":{"name":"watchSaveQuote$","decl":{"start":{"line":96,"column":2766},"end":{"line":96,"column":2781}},"loc":{"start":{"line":96,"column":2793},"end":{"line":96,"column":2984}},"line":96},"11":{"name":"unsaveQuotesSaga","decl":{"start":{"line":96,"column":3012},"end":{"line":96,"column":3028}},"loc":{"start":{"line":96,"column":3037},"end":{"line":96,"column":3776}},"line":96},"12":{"name":"unsaveQuotesSaga$","decl":{"start":{"line":96,"column":3121},"end":{"line":96,"column":3138}},"loc":{"start":{"line":96,"column":3150},"end":{"line":96,"column":3757}},"line":96},"13":{"name":"(anonymous_13)","decl":{"start":{"line":96,"column":3423},"end":{"line":96,"column":3424}},"loc":{"start":{"line":96,"column":3437},"end":{"line":96,"column":3464}},"line":96},"14":{"name":"watchUnsaveQuote","decl":{"start":{"line":96,"column":3785},"end":{"line":96,"column":3801}},"loc":{"start":{"line":96,"column":3804},"end":{"line":96,"column":4091}},"line":96},"15":{"name":"watchUnsaveQuote$","decl":{"start":{"line":96,"column":3847},"end":{"line":96,"column":3864}},"loc":{"start":{"line":96,"column":3876},"end":{"line":96,"column":4072}},"line":96},"16":{"name":"rootSaga","decl":{"start":{"line":96,"column":4100},"end":{"line":96,"column":4108}},"loc":{"start":{"line":96,"column":4111},"end":{"line":105,"column":95}},"line":96},"17":{"name":"rootSaga$","decl":{"start":{"line":96,"column":4154},"end":{"line":96,"column":4163}},"loc":{"start":{"line":96,"column":4175},"end":{"line":105,"column":76}},"line":96},"18":{"name":"storeData","decl":{"start":{"line":109,"column":25},"end":{"line":109,"column":34}},"loc":{"start":{"line":109,"column":47},"end":{"line":115,"column":87}},"line":109},"19":{"name":"storeData$","decl":{"start":{"line":109,"column":91},"end":{"line":109,"column":101}},"loc":{"start":{"line":109,"column":113},"end":{"line":115,"column":62}},"line":109},"20":{"name":"retrieveData","decl":{"start":{"line":119,"column":28},"end":{"line":119,"column":40}},"loc":{"start":{"line":119,"column":46},"end":{"line":132,"column":93}},"line":119},"21":{"name":"retrieveData$","decl":{"start":{"line":119,"column":100},"end":{"line":119,"column":113}},"loc":{"start":{"line":119,"column":125},"end":{"line":132,"column":67}},"line":119}},"branchMap":{"0":{"loc":{"start":{"line":96,"column":115},"end":{"line":96,"column":1098}},"type":"switch","locations":[{"start":{"line":96,"column":155},"end":{"line":96,"column":445}},{"start":{"line":96,"column":445},"end":{"line":96,"column":593}},{"start":{"line":96,"column":593},"end":{"line":96,"column":652}},{"start":{"line":96,"column":652},"end":{"line":96,"column":825}},{"start":{"line":96,"column":825},"end":{"line":96,"column":858}},{"start":{"line":96,"column":858},"end":{"line":96,"column":940}},{"start":{"line":96,"column":940},"end":{"line":96,"column":973}},{"start":{"line":96,"column":973},"end":{"line":96,"column":1055}},{"start":{"line":96,"column":1055},"end":{"line":96,"column":1063}},{"start":{"line":96,"column":1063},"end":{"line":96,"column":1097}}],"line":96},"1":{"loc":{"start":{"line":96,"column":476},"end":{"line":96,"column":517}},"type":"if","locations":[{"start":{"line":96,"column":476},"end":{"line":96,"column":517}},{"start":{"line":96,"column":476},"end":{"line":96,"column":517}}],"line":96},"2":{"loc":{"start":{"line":96,"column":686},"end":{"line":96,"column":730}},"type":"if","locations":[{"start":{"line":96,"column":686},"end":{"line":96,"column":730}},{"start":{"line":96,"column":686},"end":{"line":96,"column":730}}],"line":96},"3":{"loc":{"start":{"line":96,"column":1226},"end":{"line":96,"column":1399}},"type":"switch","locations":[{"start":{"line":96,"column":1268},"end":{"line":96,"column":1356}},{"start":{"line":96,"column":1356},"end":{"line":96,"column":1363}},{"start":{"line":96,"column":1363},"end":{"line":96,"column":1398}}],"line":96},"4":{"loc":{"start":{"line":96,"column":1532},"end":{"line":96,"column":2676}},"type":"switch","locations":[{"start":{"line":96,"column":1574},"end":{"line":96,"column":1751}},{"start":{"line":96,"column":1751},"end":{"line":96,"column":1919}},{"start":{"line":96,"column":1919},"end":{"line":96,"column":2091}},{"start":{"line":96,"column":2091},"end":{"line":96,"column":2125}},{"start":{"line":96,"column":2125},"end":{"line":96,"column":2460}},{"start":{"line":96,"column":2460},"end":{"line":96,"column":2632}},{"start":{"line":96,"column":2632},"end":{"line":96,"column":2640}},{"start":{"line":96,"column":2640},"end":{"line":96,"column":2675}}],"line":96},"5":{"loc":{"start":{"line":96,"column":1786},"end":{"line":96,"column":1847}},"type":"if","locations":[{"start":{"line":96,"column":1786},"end":{"line":96,"column":1847}},{"start":{"line":96,"column":1786},"end":{"line":96,"column":1847}}],"line":96},"6":{"loc":{"start":{"line":96,"column":1952},"end":{"line":96,"column":1994}},"type":"if","locations":[{"start":{"line":96,"column":1952},"end":{"line":96,"column":1994}},{"start":{"line":96,"column":1952},"end":{"line":96,"column":1994}}],"line":96},"7":{"loc":{"start":{"line":96,"column":2324},"end":{"line":96,"column":2397}},"type":"if","locations":[{"start":{"line":96,"column":2324},"end":{"line":96,"column":2397}},{"start":{"line":96,"column":2324},"end":{"line":96,"column":2397}}],"line":96},"8":{"loc":{"start":{"line":96,"column":2493},"end":{"line":96,"column":2535}},"type":"if","locations":[{"start":{"line":96,"column":2493},"end":{"line":96,"column":2535}},{"start":{"line":96,"column":2493},"end":{"line":96,"column":2535}}],"line":96},"9":{"loc":{"start":{"line":96,"column":2805},"end":{"line":96,"column":2982}},"type":"switch","locations":[{"start":{"line":96,"column":2847},"end":{"line":96,"column":2939}},{"start":{"line":96,"column":2939},"end":{"line":96,"column":2946}},{"start":{"line":96,"column":2946},"end":{"line":96,"column":2981}}],"line":96},"10":{"loc":{"start":{"line":96,"column":3162},"end":{"line":96,"column":3755}},"type":"switch","locations":[{"start":{"line":96,"column":3204},"end":{"line":96,"column":3357}},{"start":{"line":96,"column":3357},"end":{"line":96,"column":3538}},{"start":{"line":96,"column":3538},"end":{"line":96,"column":3711}},{"start":{"line":96,"column":3711},"end":{"line":96,"column":3719}},{"start":{"line":96,"column":3719},"end":{"line":96,"column":3754}}],"line":96},"11":{"loc":{"start":{"line":96,"column":3570},"end":{"line":96,"column":3612}},"type":"if","locations":[{"start":{"line":96,"column":3570},"end":{"line":96,"column":3612}},{"start":{"line":96,"column":3570},"end":{"line":96,"column":3612}}],"line":96},"12":{"loc":{"start":{"line":96,"column":3888},"end":{"line":96,"column":4070}},"type":"switch","locations":[{"start":{"line":96,"column":3930},"end":{"line":96,"column":4027}},{"start":{"line":96,"column":4027},"end":{"line":96,"column":4034}},{"start":{"line":96,"column":4034},"end":{"line":96,"column":4069}}],"line":96},"13":{"loc":{"start":{"line":96,"column":4187},"end":{"line":105,"column":74}},"type":"switch","locations":[{"start":{"line":96,"column":4229},"end":{"line":105,"column":31}},{"start":{"line":105,"column":31},"end":{"line":105,"column":38}},{"start":{"line":105,"column":38},"end":{"line":105,"column":73}}],"line":96},"14":{"loc":{"start":{"line":98,"column":10},"end":{"line":100,"column":11}},"type":"if","locations":[{"start":{"line":98,"column":10},"end":{"line":100,"column":11}},{"start":{"line":98,"column":10},"end":{"line":100,"column":11}}],"line":98},"15":{"loc":{"start":{"line":109,"column":125},"end":{"line":115,"column":60}},"type":"switch","locations":[{"start":{"line":109,"column":167},"end":{"line":111,"column":57}},{"start":{"line":111,"column":57},"end":{"line":112,"column":16}},{"start":{"line":112,"column":16},"end":{"line":115,"column":17}},{"start":{"line":115,"column":17},"end":{"line":115,"column":24}},{"start":{"line":115,"column":24},"end":{"line":115,"column":59}}],"line":109},"16":{"loc":{"start":{"line":119,"column":137},"end":{"line":132,"column":65}},"type":"switch","locations":[{"start":{"line":119,"column":179},"end":{"line":121,"column":50}},{"start":{"line":121,"column":50},"end":{"line":124,"column":17}},{"start":{"line":124,"column":17},"end":{"line":127,"column":21}},{"start":{"line":127,"column":21},"end":{"line":127,"column":55}},{"start":{"line":127,"column":55},"end":{"line":132,"column":21}},{"start":{"line":132,"column":21},"end":{"line":132,"column":29}},{"start":{"line":132,"column":29},"end":{"line":132,"column":64}}],"line":119},"17":{"loc":{"start":{"line":121,"column":80},"end":{"line":122,"column":54}},"type":"if","locations":[{"start":{"line":121,"column":80},"end":{"line":122,"column":54}},{"start":{"line":121,"column":80},"end":{"line":122,"column":54}}],"line":121}},"s":{"0":1,"1":1,"2":1,"3":1,"4":1,"5":1,"6":1,"7":1,"8":1,"9":1,"10":1,"11":1,"12":1,"13":1,"14":1,"15":1,"16":1,"17":1,"18":1,"19":0,"20":0,"21":0,"22":0,"23":0,"24":0,"25":0,"26":0,"27":0,"28":0,"29":0,"30":0,"31":0,"32":0,"33":0,"34":0,"35":0,"36":0,"37":0,"38":0,"39":0,"40":0,"41":0,"42":0,"43":0,"44":0,"45":0,"46":0,"47":0,"48":0,"49":0,"50":0,"51":0,"52":0,"53":0,"54":0,"55":0,"56":0,"57":0,"58":0,"59":0,"60":0,"61":0,"62":0,"63":0,"64":0,"65":0,"66":0,"67":0,"68":0,"69":0,"70":0,"71":0,"72":0,"73":0,"74":0,"75":0,"76":0,"77":0,"78":0,"79":0,"80":0,"81":0,"82":0,"83":0,"84":0,"85":0,"86":0,"87":0,"88":0,"89":0,"90":0,"91":0,"92":0,"93":0,"94":0,"95":0,"96":0,"97":0,"98":0,"99":0,"100":0,"101":0,"102":1,"103":1,"104":1,"105":1,"106":1,"107":1,"108":1,"109":1,"110":0,"111":0,"112":0,"113":0,"114":0,"115":0,"116":0,"117":0,"118":0,"119":0,"120":0,"121":0,"122":0,"123":0,"124":0,"125":0,"126":0,"127":0,"128":0,"129":0,"130":0,"131":0,"132":0,"133":0,"134":0,"135":0,"136":1,"137":0,"138":0,"139":0,"140":0,"141":0,"142":0,"143":0,"144":0,"145":0,"146":0,"147":0,"148":1,"149":0,"150":0,"151":0,"152":0,"153":0,"154":0,"155":0,"156":0,"157":0,"158":0,"159":0,"160":0,"161":0,"162":0,"163":0,"164":0,"165":0,"166":0,"167":0,"168":0},"f":{"0":0,"1":0,"2":0,"3":0,"4":0,"5":0,"6":0,"7":0,"8":0,"9":0,"10":0,"11":1,"12":1,"13":0,"14":0,"15":0,"16":0,"17":0,"18":0,"19":0,"20":0,"21":0},"b":{"0":[0,0,0,0,0,0,0,0,0,0],"1":[0,0],"2":[0,0],"3":[0,0,0],"4":[0,0,0,0,0,0,0,0],"5":[0,0],"6":[0,0],"7":[0,0],"8":[0,0],"9":[0,0,0],"10":[1,0,0,0,0],"11":[0,0],"12":[0,0,0],"13":[0,0,0],"14":[0,0],"15":[0,0,0,0,0],"16":[0,0,0,0,0,0,0],"17":[0,0]},"_coverageSchema":"332fd63041d2c1bcb487cc26dd0d5f7d97098a6c","hash":"79c8c7327034cad58301a4b74ca9fa344a8565ae"}
,"/Users/Parth/Documents/NativeApps/Quotes/app/actions/Quotes.js": {"path":"/Users/Parth/Documents/NativeApps/Quotes/app/actions/Quotes.js","statementMap":{"0":{"start":{"line":1,"column":13},"end":{"line":1,"column":75}},"1":{"start":{"line":1,"column":75},"end":{"line":1,"column":261}},"2":{"start":{"line":1,"column":277},"end":{"line":7,"column":1}},"3":{"start":{"line":2,"column":2},"end":{"line":4,"column":17}},"4":{"start":{"line":7,"column":2},"end":{"line":7,"column":32}},"5":{"start":{"line":8,"column":15},"end":{"line":9,"column":25}},"6":{"start":{"line":8,"column":36},"end":{"line":9,"column":24}},"7":{"start":{"line":9,"column":26},"end":{"line":9,"column":54}},"8":{"start":{"line":12,"column":18},"end":{"line":13,"column":28}},"9":{"start":{"line":12,"column":42},"end":{"line":13,"column":27}},"10":{"start":{"line":13,"column":29},"end":{"line":13,"column":63}},"11":{"start":{"line":16,"column":16},"end":{"line":19,"column":14}},"12":{"start":{"line":16,"column":50},"end":{"line":19,"column":13}},"13":{"start":{"line":19,"column":15},"end":{"line":19,"column":45}},"14":{"start":{"line":22,"column":21},"end":{"line":25,"column":14}},"15":{"start":{"line":22,"column":60},"end":{"line":25,"column":13}},"16":{"start":{"line":25,"column":15},"end":{"line":25,"column":55}},"17":{"start":{"line":29,"column":18},"end":{"line":32,"column":14}},"18":{"start":{"line":29,"column":54},"end":{"line":32,"column":13}},"19":{"start":{"line":32,"column":15},"end":{"line":32,"column":49}},"20":{"start":{"line":35,"column":23},"end":{"line":38,"column":14}},"21":{"start":{"line":35,"column":64},"end":{"line":38,"column":13}},"22":{"start":{"line":38,"column":15},"end":{"line":38,"column":59}},"23":{"start":{"line":41,"column":20},"end":{"line":43,"column":26}},"24":{"start":{"line":41,"column":61},"end":{"line":41,"column":131}},"25":{"start":{"line":41,"column":132},"end":{"line":43,"column":25}},"26":{"start":{"line":43,"column":27},"end":{"line":43,"column":65}}},"fnMap":{"0":{"name":"setQuotes","decl":{"start":{"line":1,"column":286},"end":{"line":1,"column":295}},"loc":{"start":{"line":1,"column":302},"end":{"line":7,"column":1}},"line":1},"1":{"name":"setError","decl":{"start":{"line":8,"column":24},"end":{"line":8,"column":32}},"loc":{"start":{"line":8,"column":35},"end":{"line":9,"column":25}},"line":8},"2":{"name":"fetchQuotes","decl":{"start":{"line":12,"column":27},"end":{"line":12,"column":38}},"loc":{"start":{"line":12,"column":41},"end":{"line":13,"column":28}},"line":12},"3":{"name":"saveQuote","decl":{"start":{"line":16,"column":25},"end":{"line":16,"column":34}},"loc":{"start":{"line":16,"column":49},"end":{"line":19,"column":14}},"line":16},"4":{"name":"watchSaveQuote","decl":{"start":{"line":22,"column":30},"end":{"line":22,"column":44}},"loc":{"start":{"line":22,"column":59},"end":{"line":25,"column":14}},"line":22},"5":{"name":"unsaveQuote","decl":{"start":{"line":29,"column":27},"end":{"line":29,"column":38}},"loc":{"start":{"line":29,"column":53},"end":{"line":32,"column":14}},"line":29},"6":{"name":"watchUnsaveQuote","decl":{"start":{"line":35,"column":32},"end":{"line":35,"column":48}},"loc":{"start":{"line":35,"column":63},"end":{"line":38,"column":14}},"line":35},"7":{"name":"setFavourites","decl":{"start":{"line":41,"column":29},"end":{"line":41,"column":42}},"loc":{"start":{"line":41,"column":45},"end":{"line":43,"column":26}},"line":41}},"branchMap":{"0":{"loc":{"start":{"line":41,"column":61},"end":{"line":41,"column":131}},"type":"cond-expr","locations":[{"start":{"line":41,"column":114},"end":{"line":41,"column":126}},{"start":{"line":41,"column":129},"end":{"line":41,"column":131}}],"line":41},"1":{"loc":{"start":{"line":41,"column":61},"end":{"line":41,"column":111}},"type":"binary-expr","locations":[{"start":{"line":41,"column":61},"end":{"line":41,"column":81}},{"start":{"line":41,"column":85},"end":{"line":41,"column":111}}],"line":41}},"s":{"0":6,"1":6,"2":6,"3":5,"4":6,"5":6,"6":2,"7":6,"8":6,"9":1,"10":6,"11":6,"12":3,"13":6,"14":6,"15":1,"16":6,"17":6,"18":3,"19":6,"20":6,"21":1,"22":6,"23":6,"24":5,"25":5,"26":6},"f":{"0":5,"1":2,"2":1,"3":3,"4":1,"5":3,"6":1,"7":5},"b":{"0":[4,1],"1":[5,4]},"_coverageSchema":"332fd63041d2c1bcb487cc26dd0d5f7d97098a6c","hash":"1d23c727172b51bec5329ed7620f092bb3710add"}
,"/Users/Parth/Documents/NativeApps/Quotes/app/tests/setup.js": {"path":"/Users/Parth/Documents/NativeApps/Quotes/app/tests/setup.js","statementMap":{"0":{"start":{"line":1,"column":42},"end":{"line":1,"column":97}},"1":{"start":{"line":1,"column":98},"end":{"line":1,"column":160}},"2":{"start":{"line":1,"column":160},"end":{"line":1,"column":185}},"3":{"start":{"line":1,"column":199},"end":{"line":1,"column":240}},"4":{"start":{"line":2,"column":26},"end":{"line":2,"column":84}},"5":{"start":{"line":4,"column":0},"end":{"line":5,"column":48}},"6":{"start":{"line":8,"column":0},"end":{"line":8,"column":15}},"7":{"start":{"line":8,"column":16},"end":{"line":8,"column":43}}},"fnMap":{},"branchMap":{},"s":{"0":9,"1":9,"2":9,"3":9,"4":9,"5":9,"6":9,"7":9},"f":{},"b":{},"_coverageSchema":"332fd63041d2c1bcb487cc26dd0d5f7d97098a6c","hash":"f068702a254e065f9cb55a90f5e9bc1112a91b2b"}
,"/Users/Parth/Documents/NativeApps/Quotes/app/tests/fixtures/favourites-fixture.js": {"path":"/Users/Parth/Documents/NativeApps/Quotes/app/tests/fixtures/favourites-fixture.js","statementMap":{"0":{"start":{"line":1,"column":13},"end":{"line":1,"column":75}},"1":{"start":{"line":1,"column":75},"end":{"line":1,"column":124}},"2":{"start":{"line":1,"column":139},"end":{"line":4,"column":6}},"3":{"start":{"line":4,"column":7},"end":{"line":4,"column":34}},"4":{"start":{"line":7,"column":20},"end":{"line":12,"column":17}},"5":{"start":{"line":12,"column":18},"end":{"line":12,"column":56}}},"fnMap":{},"branchMap":{},"s":{"0":6,"1":6,"2":6,"3":6,"4":6,"5":6},"f":{},"b":{},"_coverageSchema":"332fd63041d2c1bcb487cc26dd0d5f7d97098a6c","hash":"5c50bdcad19c9131445aa0868cc9736ff55ae7e7"}
,"/Users/Parth/Documents/NativeApps/Quotes/app/tests/fixtures/quotes-fixture.js": {"path":"/Users/Parth/Documents/NativeApps/Quotes/app/tests/fixtures/quotes-fixture.js","statementMap":{"0":{"start":{"line":1,"column":13},"end":{"line":1,"column":75}},"1":{"start":{"line":1,"column":75},"end":{"line":1,"column":100}},"2":{"start":{"line":1,"column":115},"end":{"line":51,"column":84}},"3":{"start":{"line":51,"column":85},"end":{"line":51,"column":112}}},"fnMap":{},"branchMap":{},"s":{"0":7,"1":7,"2":7,"3":7},"f":{},"b":{},"_coverageSchema":"332fd63041d2c1bcb487cc26dd0d5f7d97098a6c","hash":"da8d54cb7216c0f007330483945161f47ecfe095"}
}
