{"/Users/Parth/Documents/NativeApps/Quotes/app/Components/CategoryCell.js": {"path":"/Users/Parth/Documents/NativeApps/Quotes/app/Components/CategoryCell.js","statementMap":{"0":{"start":{"line":1,"column":42},"end":{"line":1,"column":97}},"1":{"start":{"line":1,"column":128},"end":{"line":1,"column":184}},"2":{"start":{"line":1,"column":185},"end":{"line":1,"column":247}},"3":{"start":{"line":1,"column":247},"end":{"line":1,"column":272}},"4":{"start":{"line":1,"column":295},"end":{"line":1,"column":367}},"5":{"start":{"line":1,"column":388},"end":{"line":1,"column":457}},"6":{"start":{"line":1,"column":492},"end":{"line":1,"column":575}},"7":{"start":{"line":1,"column":599},"end":{"line":1,"column":671}},"8":{"start":{"line":1,"column":689},"end":{"line":1,"column":755}},"9":{"start":{"line":1,"column":769},"end":{"line":1,"column":810}},"10":{"start":{"line":2,"column":19},"end":{"line":2,"column":42}},"11":{"start":{"line":2,"column":62},"end":{"line":2,"column":135}},"12":{"start":{"line":4,"column":15},"end":{"line":21,"column":49}},"13":{"start":{"line":4,"column":38},"end":{"line":4,"column":88}},"14":{"start":{"line":4,"column":113},"end":{"line":4,"column":163}},"15":{"start":{"line":4,"column":163},"end":{"line":4,"column":285}},"16":{"start":{"line":4,"column":286},"end":{"line":21,"column":10}},"17":{"start":{"line":5,"column":17},"end":{"line":5,"column":21}},"18":{"start":{"line":6,"column":6},"end":{"line":16,"column":216}},"19":{"start":{"line":8,"column":39},"end":{"line":8,"column":112}},"20":{"start":{"line":16,"column":56},"end":{"line":16,"column":209}},"21":{"start":{"line":21,"column":10},"end":{"line":21,"column":30}},"22":{"start":{"line":21,"column":50},"end":{"line":21,"column":81}},"23":{"start":{"line":25,"column":13},"end":{"line":58,"column":21}}},"fnMap":{"0":{"name":"(anonymous_0)","decl":{"start":{"line":4,"column":15},"end":{"line":4,"column":16}},"loc":{"start":{"line":4,"column":37},"end":{"line":21,"column":31}},"line":4},"1":{"name":"CategoryCell","decl":{"start":{"line":4,"column":97},"end":{"line":4,"column":109}},"loc":{"start":{"line":4,"column":112},"end":{"line":4,"column":286}},"line":4},"2":{"name":"render","decl":{"start":{"line":4,"column":361},"end":{"line":4,"column":367}},"loc":{"start":{"line":5,"column":4},"end":{"line":21,"column":5}},"line":5},"3":{"name":"onPress","decl":{"start":{"line":8,"column":28},"end":{"line":8,"column":35}},"loc":{"start":{"line":8,"column":38},"end":{"line":8,"column":113}},"line":8},"4":{"name":"(anonymous_4)","decl":{"start":{"line":16,"column":39},"end":{"line":16,"column":40}},"loc":{"start":{"line":16,"column":55},"end":{"line":16,"column":210}},"line":16}},"branchMap":{},"s":{"0":2,"1":2,"2":2,"3":2,"4":2,"5":2,"6":2,"7":2,"8":2,"9":2,"10":2,"11":2,"12":2,"13":2,"14":2,"15":2,"16":2,"17":2,"18":2,"19":1,"20":6,"21":2,"22":2,"23":2},"f":{"0":2,"1":2,"2":2,"3":1,"4":6},"b":{},"_coverageSchema":"332fd63041d2c1bcb487cc26dd0d5f7d97098a6c","hash":"4b4127f37909e44bfddb78c6c3989969b4f7bf52"}
,"/Users/Parth/Documents/NativeApps/Quotes/app/Components/FavouriteQuoteCell.js": {"path":"/Users/Parth/Documents/NativeApps/Quotes/app/Components/FavouriteQuoteCell.js","statementMap":{"0":{"start":{"line":1,"column":42},"end":{"line":1,"column":97}},"1":{"start":{"line":1,"column":98},"end":{"line":1,"column":160}},"2":{"start":{"line":1,"column":160},"end":{"line":1,"column":185}},"3":{"start":{"line":1,"column":198},"end":{"line":1,"column":238}},"4":{"start":{"line":2,"column":19},"end":{"line":2,"column":42}},"5":{"start":{"line":2,"column":62},"end":{"line":2,"column":141}},"6":{"start":{"line":4,"column":25},"end":{"line":22,"column":1}},"7":{"start":{"line":5,"column":2},"end":{"line":15,"column":29}},"8":{"start":{"line":7,"column":35},"end":{"line":7,"column":138}},"9":{"start":{"line":24,"column":0},"end":{"line":24,"column":18}},"10":{"start":{"line":24,"column":19},"end":{"line":24,"column":46}},"11":{"start":{"line":26,"column":13},"end":{"line":65,"column":29}}},"fnMap":{"0":{"name":"FavouriteQuoteCell","decl":{"start":{"line":4,"column":34},"end":{"line":4,"column":52}},"loc":{"start":{"line":4,"column":60},"end":{"line":22,"column":1}},"line":4},"1":{"name":"onPress","decl":{"start":{"line":7,"column":24},"end":{"line":7,"column":31}},"loc":{"start":{"line":7,"column":34},"end":{"line":7,"column":139}},"line":7}},"branchMap":{},"s":{"0":2,"1":2,"2":2,"3":2,"4":2,"5":2,"6":2,"7":2,"8":1,"9":2,"10":2,"11":2},"f":{"0":2,"1":1},"b":{},"_coverageSchema":"332fd63041d2c1bcb487cc26dd0d5f7d97098a6c","hash":"154f971592f48ea30d86545ce08e0bf63278d6ea"}
,"/Users/Parth/Documents/NativeApps/Quotes/app/Components/FavouriteQuotesList.js": {"path":"/Users/Parth/Documents/NativeApps/Quotes/app/Components/FavouriteQuotesList.js","statementMap":{"0":{"start":{"line":1,"column":42},"end":{"line":1,"column":97}},"1":{"start":{"line":1,"column":128},"end":{"line":1,"column":184}},"2":{"start":{"line":1,"column":185},"end":{"line":1,"column":247}},"3":{"start":{"line":1,"column":247},"end":{"line":1,"column":302}},"4":{"start":{"line":1,"column":325},"end":{"line":1,"column":397}},"5":{"start":{"line":1,"column":418},"end":{"line":1,"column":487}},"6":{"start":{"line":1,"column":522},"end":{"line":1,"column":605}},"7":{"start":{"line":1,"column":629},"end":{"line":1,"column":701}},"8":{"start":{"line":1,"column":719},"end":{"line":1,"column":785}},"9":{"start":{"line":1,"column":799},"end":{"line":1,"column":840}},"10":{"start":{"line":2,"column":19},"end":{"line":2,"column":42}},"11":{"start":{"line":3,"column":18},"end":{"line":3,"column":40}},"12":{"start":{"line":4,"column":23},"end":{"line":4,"column":50}},"13":{"start":{"line":5,"column":26},"end":{"line":5,"column":81}},"14":{"start":{"line":6,"column":14},"end":{"line":6,"column":42}},"15":{"start":{"line":6,"column":62},"end":{"line":6,"column":142}},"16":{"start":{"line":8,"column":22},"end":{"line":44,"column":56}},"17":{"start":{"line":8,"column":45},"end":{"line":8,"column":102}},"18":{"start":{"line":8,"column":134},"end":{"line":8,"column":191}},"19":{"start":{"line":8,"column":191},"end":{"line":8,"column":320}},"20":{"start":{"line":8,"column":321},"end":{"line":44,"column":10}},"21":{"start":{"line":14,"column":17},"end":{"line":14,"column":21}},"22":{"start":{"line":15,"column":6},"end":{"line":34,"column":7}},"23":{"start":{"line":16,"column":8},"end":{"line":18,"column":146}},"24":{"start":{"line":21,"column":13},"end":{"line":34,"column":7}},"25":{"start":{"line":22,"column":8},"end":{"line":29,"column":135}},"26":{"start":{"line":28,"column":62},"end":{"line":28,"column":71}},"27":{"start":{"line":28,"column":72},"end":{"line":28,"column":126}},"28":{"start":{"line":29,"column":60},"end":{"line":29,"column":73}},"29":{"start":{"line":38,"column":6},"end":{"line":41,"column":79}},"30":{"start":{"line":44,"column":10},"end":{"line":44,"column":37}},"31":{"start":{"line":44,"column":57},"end":{"line":44,"column":107}},"32":{"start":{"line":44,"column":107},"end":{"line":44,"column":171}},"33":{"start":{"line":48,"column":22},"end":{"line":50,"column":63}},"34":{"start":{"line":48,"column":55},"end":{"line":50,"column":62}},"35":{"start":{"line":54,"column":13},"end":{"line":58,"column":29}},"36":{"start":{"line":62,"column":0},"end":{"line":62,"column":62}},"37":{"start":{"line":62,"column":63},"end":{"line":62,"column":90}}},"fnMap":{"0":{"name":"(anonymous_0)","decl":{"start":{"line":8,"column":22},"end":{"line":8,"column":23}},"loc":{"start":{"line":8,"column":44},"end":{"line":44,"column":38}},"line":8},"1":{"name":"FavouriteQuotesList","decl":{"start":{"line":8,"column":111},"end":{"line":8,"column":130}},"loc":{"start":{"line":8,"column":133},"end":{"line":8,"column":321}},"line":8},"2":{"name":"render","decl":{"start":{"line":8,"column":403},"end":{"line":8,"column":409}},"loc":{"start":{"line":14,"column":4},"end":{"line":35,"column":5}},"line":14},"3":{"name":"renderItem","decl":{"start":{"line":28,"column":33},"end":{"line":28,"column":43}},"loc":{"start":{"line":28,"column":50},"end":{"line":28,"column":127}},"line":28},"4":{"name":"keyIterator","decl":{"start":{"line":29,"column":34},"end":{"line":29,"column":45}},"loc":{"start":{"line":29,"column":59},"end":{"line":29,"column":74}},"line":29},"5":{"name":"renderItem","decl":{"start":{"line":35,"column":46},"end":{"line":35,"column":56}},"loc":{"start":{"line":37,"column":22},"end":{"line":44,"column":5}},"line":37},"6":{"name":"mapStateToProps","decl":{"start":{"line":48,"column":31},"end":{"line":48,"column":46}},"loc":{"start":{"line":48,"column":54},"end":{"line":50,"column":63}},"line":48}},"branchMap":{"0":{"loc":{"start":{"line":15,"column":6},"end":{"line":34,"column":7}},"type":"if","locations":[{"start":{"line":15,"column":6},"end":{"line":34,"column":7}},{"start":{"line":15,"column":6},"end":{"line":34,"column":7}}],"line":15},"1":{"loc":{"start":{"line":21,"column":13},"end":{"line":34,"column":7}},"type":"if","locations":[{"start":{"line":21,"column":13},"end":{"line":34,"column":7}},{"start":{"line":21,"column":13},"end":{"line":34,"column":7}}],"line":21}},"s":{"0":1,"1":1,"2":1,"3":1,"4":1,"5":1,"6":1,"7":1,"8":1,"9":1,"10":1,"11":1,"12":1,"13":1,"14":1,"15":1,"16":1,"17":1,"18":2,"19":2,"20":1,"21":2,"22":2,"23":1,"24":1,"25":1,"26":0,"27":0,"28":0,"29":0,"30":1,"31":1,"32":1,"33":1,"34":0,"35":1,"36":1,"37":1},"f":{"0":1,"1":2,"2":2,"3":0,"4":0,"5":0,"6":0},"b":{"0":[1,1],"1":[1,0]},"_coverageSchema":"332fd63041d2c1bcb487cc26dd0d5f7d97098a6c","hash":"c73249784ce4448b6890cf8081e5dd829863e1c5"}
,"/Users/Parth/Documents/NativeApps/Quotes/app/Components/QuoteCategories.js": {"path":"/Users/Parth/Documents/NativeApps/Quotes/app/Components/QuoteCategories.js","statementMap":{"0":{"start":{"line":1,"column":42},"end":{"line":1,"column":97}},"1":{"start":{"line":1,"column":128},"end":{"line":1,"column":184}},"2":{"start":{"line":1,"column":185},"end":{"line":1,"column":247}},"3":{"start":{"line":1,"column":247},"end":{"line":1,"column":353}},"4":{"start":{"line":1,"column":376},"end":{"line":1,"column":448}},"5":{"start":{"line":1,"column":469},"end":{"line":1,"column":538}},"6":{"start":{"line":1,"column":573},"end":{"line":1,"column":656}},"7":{"start":{"line":1,"column":680},"end":{"line":1,"column":752}},"8":{"start":{"line":1,"column":770},"end":{"line":1,"column":836}},"9":{"start":{"line":1,"column":850},"end":{"line":1,"column":891}},"10":{"start":{"line":2,"column":19},"end":{"line":2,"column":42}},"11":{"start":{"line":3,"column":20},"end":{"line":3,"column":81}},"12":{"start":{"line":4,"column":18},"end":{"line":4,"column":40}},"13":{"start":{"line":5,"column":14},"end":{"line":5,"column":42}},"14":{"start":{"line":5,"column":62},"end":{"line":5,"column":138}},"15":{"start":{"line":7,"column":18},"end":{"line":43,"column":52}},"16":{"start":{"line":7,"column":41},"end":{"line":7,"column":94}},"17":{"start":{"line":7,"column":122},"end":{"line":7,"column":175}},"18":{"start":{"line":7,"column":175},"end":{"line":7,"column":300}},"19":{"start":{"line":7,"column":301},"end":{"line":43,"column":10}},"20":{"start":{"line":13,"column":17},"end":{"line":13,"column":21}},"21":{"start":{"line":15,"column":6},"end":{"line":39,"column":126}},"22":{"start":{"line":32,"column":58},"end":{"line":32,"column":67}},"23":{"start":{"line":32,"column":76},"end":{"line":32,"column":86}},"24":{"start":{"line":33,"column":10},"end":{"line":34,"column":186}},"25":{"start":{"line":37,"column":51},"end":{"line":37,"column":72}},"26":{"start":{"line":43,"column":10},"end":{"line":43,"column":33}},"27":{"start":{"line":43,"column":53},"end":{"line":43,"column":95}},"28":{"start":{"line":43,"column":95},"end":{"line":43,"column":155}},"29":{"start":{"line":46,"column":13},"end":{"line":50,"column":29}},"30":{"start":{"line":54,"column":22},"end":{"line":60,"column":1}},"31":{"start":{"line":55,"column":2},"end":{"line":58,"column":23}},"32":{"start":{"line":60,"column":2},"end":{"line":60,"column":44}},"33":{"start":{"line":62,"column":25},"end":{"line":68,"column":1}},"34":{"start":{"line":63,"column":2},"end":{"line":66,"column":8}},"35":{"start":{"line":65,"column":6},"end":{"line":65,"column":43}},"36":{"start":{"line":68,"column":2},"end":{"line":68,"column":50}},"37":{"start":{"line":70,"column":0},"end":{"line":70,"column":78}},"38":{"start":{"line":70,"column":79},"end":{"line":70,"column":106}}},"fnMap":{"0":{"name":"(anonymous_0)","decl":{"start":{"line":7,"column":18},"end":{"line":7,"column":19}},"loc":{"start":{"line":7,"column":40},"end":{"line":43,"column":34}},"line":7},"1":{"name":"QuoteCategories","decl":{"start":{"line":7,"column":103},"end":{"line":7,"column":118}},"loc":{"start":{"line":7,"column":121},"end":{"line":7,"column":301}},"line":7},"2":{"name":"render","decl":{"start":{"line":7,"column":379},"end":{"line":7,"column":385}},"loc":{"start":{"line":13,"column":4},"end":{"line":43,"column":5}},"line":13},"3":{"name":"renderItem","decl":{"start":{"line":32,"column":29},"end":{"line":32,"column":39}},"loc":{"start":{"line":32,"column":46},"end":{"line":36,"column":9}},"line":32},"4":{"name":"keyExtractor","decl":{"start":{"line":37,"column":31},"end":{"line":37,"column":43}},"loc":{"start":{"line":37,"column":50},"end":{"line":37,"column":73}},"line":37},"5":{"name":"mapStateToProps","decl":{"start":{"line":54,"column":31},"end":{"line":54,"column":46}},"loc":{"start":{"line":54,"column":54},"end":{"line":60,"column":1}},"line":54},"6":{"name":"mapDispatchToProps","decl":{"start":{"line":62,"column":34},"end":{"line":62,"column":52}},"loc":{"start":{"line":62,"column":63},"end":{"line":68,"column":1}},"line":62},"7":{"name":"fetchQuotes","decl":{"start":{"line":64,"column":26},"end":{"line":64,"column":37}},"loc":{"start":{"line":64,"column":40},"end":{"line":66,"column":5}},"line":64}},"branchMap":{"0":{"loc":{"start":{"line":15,"column":13},"end":{"line":39,"column":125}},"type":"cond-expr","locations":[{"start":{"line":16,"column":6},"end":{"line":20,"column":97}},{"start":{"line":23,"column":6},"end":{"line":39,"column":125}}],"line":15},"1":{"loc":{"start":{"line":23,"column":6},"end":{"line":39,"column":125}},"type":"cond-expr","locations":[{"start":{"line":24,"column":6},"end":{"line":25,"column":140}},{"start":{"line":28,"column":6},"end":{"line":39,"column":125}}],"line":23}},"s":{"0":1,"1":1,"2":1,"3":1,"4":1,"5":1,"6":1,"7":1,"8":1,"9":1,"10":1,"11":1,"12":1,"13":1,"14":1,"15":1,"16":1,"17":4,"18":4,"19":1,"20":4,"21":4,"22":0,"23":0,"24":0,"25":0,"26":1,"27":1,"28":1,"29":1,"30":1,"31":0,"32":1,"33":1,"34":0,"35":0,"36":1,"37":1,"38":1},"f":{"0":1,"1":4,"2":4,"3":0,"4":0,"5":0,"6":0,"7":0},"b":{"0":[2,2],"1":[1,1]},"_coverageSchema":"332fd63041d2c1bcb487cc26dd0d5f7d97098a6c","hash":"3ae89e83c18f3f4d548fa45cd0e046e16f473601"}
,"/Users/Parth/Documents/NativeApps/Quotes/app/Reducer/Quotes.js": {"path":"/Users/Parth/Documents/NativeApps/Quotes/app/Reducer/Quotes.js","statementMap":{"0":{"start":{"line":1,"column":42},"end":{"line":1,"column":97}},"1":{"start":{"line":1,"column":98},"end":{"line":1,"column":160}},"2":{"start":{"line":1,"column":160},"end":{"line":1,"column":187}},"3":{"start":{"line":1,"column":187},"end":{"line":1,"column":247}},"4":{"start":{"line":1,"column":269},"end":{"line":1,"column":340}},"5":{"start":{"line":1,"column":362},"end":{"line":1,"column":432}},"6":{"start":{"line":2,"column":19},"end":{"line":7,"column":27}},"7":{"start":{"line":10,"column":33},"end":{"line":10,"column":113}},"8":{"start":{"line":10,"column":127},"end":{"line":10,"column":174}},"9":{"start":{"line":11,"column":2},"end":{"line":65,"column":20}},"10":{"start":{"line":13,"column":6},"end":{"line":17,"column":29}},"11":{"start":{"line":20,"column":6},"end":{"line":24,"column":27}},"12":{"start":{"line":27,"column":8},"end":{"line":31,"column":29}},"13":{"start":{"line":36,"column":8},"end":{"line":36,"column":55}},"14":{"start":{"line":37,"column":8},"end":{"line":37,"column":57}},"15":{"start":{"line":38,"column":8},"end":{"line":40,"column":36}},"16":{"start":{"line":45,"column":8},"end":{"line":45,"column":23}},"17":{"start":{"line":46,"column":8},"end":{"line":46,"column":35}},"18":{"start":{"line":47,"column":8},"end":{"line":47,"column":41}},"19":{"start":{"line":48,"column":8},"end":{"line":48,"column":49}},"20":{"start":{"line":49,"column":8},"end":{"line":49,"column":94}},"21":{"start":{"line":49,"column":63},"end":{"line":49,"column":91}},"22":{"start":{"line":50,"column":8},"end":{"line":52,"column":36}},"23":{"start":{"line":57,"column":8},"end":{"line":57,"column":37}},"24":{"start":{"line":58,"column":8},"end":{"line":61,"column":38}},"25":{"start":{"line":65,"column":6},"end":{"line":65,"column":19}},"26":{"start":{"line":69,"column":20},"end":{"line":71,"column":1}},"27":{"start":{"line":70,"column":2},"end":{"line":70,"column":26}},"28":{"start":{"line":71,"column":2},"end":{"line":71,"column":40}},"29":{"start":{"line":73,"column":25},"end":{"line":82,"column":1}},"30":{"start":{"line":74,"column":2},"end":{"line":81,"column":5}},"31":{"start":{"line":75,"column":4},"end":{"line":75,"column":26}},"32":{"start":{"line":75,"column":49},"end":{"line":75,"column":100}},"33":{"start":{"line":75,"column":112},"end":{"line":75,"column":134}},"34":{"start":{"line":75,"column":140},"end":{"line":75,"column":162}},"35":{"start":{"line":76,"column":4},"end":{"line":79,"column":28}},"36":{"start":{"line":82,"column":2},"end":{"line":82,"column":50}}},"fnMap":{"0":{"name":"_default","decl":{"start":{"line":10,"column":9},"end":{"line":10,"column":17}},"loc":{"start":{"line":10,"column":20},"end":{"line":67,"column":1}},"line":10},"1":{"name":"(anonymous_1)","decl":{"start":{"line":49,"column":45},"end":{"line":49,"column":46}},"loc":{"start":{"line":49,"column":62},"end":{"line":49,"column":92}},"line":49},"2":{"name":"getFavourites","decl":{"start":{"line":69,"column":29},"end":{"line":69,"column":42}},"loc":{"start":{"line":69,"column":50},"end":{"line":71,"column":1}},"line":69},"3":{"name":"getFavouriteQuotes","decl":{"start":{"line":73,"column":34},"end":{"line":73,"column":52}},"loc":{"start":{"line":73,"column":60},"end":{"line":82,"column":1}},"line":73},"4":{"name":"(anonymous_4)","decl":{"start":{"line":74,"column":30},"end":{"line":74,"column":31}},"loc":{"start":{"line":74,"column":53},"end":{"line":81,"column":3}},"line":74}},"branchMap":{"0":{"loc":{"start":{"line":10,"column":33},"end":{"line":10,"column":113}},"type":"cond-expr","locations":[{"start":{"line":10,"column":86},"end":{"line":10,"column":98}},{"start":{"line":10,"column":101},"end":{"line":10,"column":113}}],"line":10},"1":{"loc":{"start":{"line":10,"column":33},"end":{"line":10,"column":83}},"type":"binary-expr","locations":[{"start":{"line":10,"column":33},"end":{"line":10,"column":53}},{"start":{"line":10,"column":57},"end":{"line":10,"column":83}}],"line":10},"2":{"loc":{"start":{"line":10,"column":127},"end":{"line":10,"column":174}},"type":"cond-expr","locations":[{"start":{"line":10,"column":150},"end":{"line":10,"column":162}},{"start":{"line":10,"column":165},"end":{"line":10,"column":174}}],"line":10},"3":{"loc":{"start":{"line":11,"column":2},"end":{"line":65,"column":20}},"type":"switch","locations":[{"start":{"line":12,"column":4},"end":{"line":17,"column":29}},{"start":{"line":19,"column":4},"end":{"line":24,"column":27}},{"start":{"line":26,"column":4},"end":{"line":34,"column":7}},{"start":{"line":35,"column":4},"end":{"line":42,"column":7}},{"start":{"line":44,"column":4},"end":{"line":54,"column":7}},{"start":{"line":56,"column":4},"end":{"line":63,"column":7}},{"start":{"line":64,"column":4},"end":{"line":65,"column":19}}],"line":11}},"s":{"0":1,"1":1,"2":1,"3":1,"4":1,"5":1,"6":1,"7":0,"8":0,"9":0,"10":0,"11":0,"12":0,"13":0,"14":0,"15":0,"16":0,"17":0,"18":0,"19":0,"20":0,"21":0,"22":0,"23":0,"24":0,"25":0,"26":1,"27":0,"28":1,"29":1,"30":0,"31":0,"32":0,"33":0,"34":0,"35":0,"36":1},"f":{"0":0,"1":0,"2":0,"3":0,"4":0},"b":{"0":[0,0],"1":[0,0],"2":[0,0],"3":[0,0,0,0,0,0,0]},"_coverageSchema":"332fd63041d2c1bcb487cc26dd0d5f7d97098a6c","hash":"838be9814ec63ac1f495b60f64e2aeb69d4306d2"}
,"/Users/Parth/Documents/NativeApps/Quotes/app/actions/Quotes.js": {"path":"/Users/Parth/Documents/NativeApps/Quotes/app/actions/Quotes.js","statementMap":{"0":{"start":{"line":1,"column":13},"end":{"line":1,"column":75}},"1":{"start":{"line":1,"column":75},"end":{"line":1,"column":261}},"2":{"start":{"line":1,"column":277},"end":{"line":7,"column":1}},"3":{"start":{"line":1,"column":310},"end":{"line":1,"column":412}},"4":{"start":{"line":2,"column":2},"end":{"line":4,"column":17}},"5":{"start":{"line":7,"column":2},"end":{"line":7,"column":32}},"6":{"start":{"line":8,"column":15},"end":{"line":9,"column":25}},"7":{"start":{"line":8,"column":36},"end":{"line":9,"column":24}},"8":{"start":{"line":9,"column":26},"end":{"line":9,"column":54}},"9":{"start":{"line":12,"column":18},"end":{"line":13,"column":28}},"10":{"start":{"line":12,"column":42},"end":{"line":13,"column":27}},"11":{"start":{"line":13,"column":29},"end":{"line":13,"column":63}},"12":{"start":{"line":16,"column":16},"end":{"line":19,"column":14}},"13":{"start":{"line":16,"column":50},"end":{"line":19,"column":13}},"14":{"start":{"line":19,"column":15},"end":{"line":19,"column":45}},"15":{"start":{"line":22,"column":21},"end":{"line":25,"column":14}},"16":{"start":{"line":22,"column":60},"end":{"line":25,"column":13}},"17":{"start":{"line":25,"column":15},"end":{"line":25,"column":55}},"18":{"start":{"line":29,"column":18},"end":{"line":32,"column":14}},"19":{"start":{"line":29,"column":54},"end":{"line":32,"column":13}},"20":{"start":{"line":32,"column":15},"end":{"line":32,"column":49}},"21":{"start":{"line":35,"column":23},"end":{"line":38,"column":14}},"22":{"start":{"line":35,"column":64},"end":{"line":38,"column":13}},"23":{"start":{"line":38,"column":15},"end":{"line":38,"column":59}},"24":{"start":{"line":41,"column":20},"end":{"line":43,"column":26}},"25":{"start":{"line":41,"column":61},"end":{"line":41,"column":131}},"26":{"start":{"line":41,"column":132},"end":{"line":43,"column":25}},"27":{"start":{"line":43,"column":27},"end":{"line":43,"column":65}}},"fnMap":{"0":{"name":"setQuotes","decl":{"start":{"line":1,"column":286},"end":{"line":1,"column":295}},"loc":{"start":{"line":1,"column":298},"end":{"line":7,"column":1}},"line":1},"1":{"name":"setError","decl":{"start":{"line":8,"column":24},"end":{"line":8,"column":32}},"loc":{"start":{"line":8,"column":35},"end":{"line":9,"column":25}},"line":8},"2":{"name":"fetchQuotes","decl":{"start":{"line":12,"column":27},"end":{"line":12,"column":38}},"loc":{"start":{"line":12,"column":41},"end":{"line":13,"column":28}},"line":12},"3":{"name":"saveQuote","decl":{"start":{"line":16,"column":25},"end":{"line":16,"column":34}},"loc":{"start":{"line":16,"column":49},"end":{"line":19,"column":14}},"line":16},"4":{"name":"watchSaveQuote","decl":{"start":{"line":22,"column":30},"end":{"line":22,"column":44}},"loc":{"start":{"line":22,"column":59},"end":{"line":25,"column":14}},"line":22},"5":{"name":"unsaveQuote","decl":{"start":{"line":29,"column":27},"end":{"line":29,"column":38}},"loc":{"start":{"line":29,"column":53},"end":{"line":32,"column":14}},"line":29},"6":{"name":"watchUnsaveQuote","decl":{"start":{"line":35,"column":32},"end":{"line":35,"column":48}},"loc":{"start":{"line":35,"column":63},"end":{"line":38,"column":14}},"line":35},"7":{"name":"setFavourites","decl":{"start":{"line":41,"column":29},"end":{"line":41,"column":42}},"loc":{"start":{"line":41,"column":45},"end":{"line":43,"column":26}},"line":41}},"branchMap":{"0":{"loc":{"start":{"line":1,"column":310},"end":{"line":1,"column":412}},"type":"cond-expr","locations":[{"start":{"line":1,"column":363},"end":{"line":1,"column":375}},{"start":{"line":1,"column":378},"end":{"line":1,"column":412}}],"line":1},"1":{"loc":{"start":{"line":1,"column":310},"end":{"line":1,"column":360}},"type":"binary-expr","locations":[{"start":{"line":1,"column":310},"end":{"line":1,"column":330}},{"start":{"line":1,"column":334},"end":{"line":1,"column":360}}],"line":1},"2":{"loc":{"start":{"line":41,"column":61},"end":{"line":41,"column":131}},"type":"cond-expr","locations":[{"start":{"line":41,"column":114},"end":{"line":41,"column":126}},{"start":{"line":41,"column":129},"end":{"line":41,"column":131}}],"line":41},"3":{"loc":{"start":{"line":41,"column":61},"end":{"line":41,"column":111}},"type":"binary-expr","locations":[{"start":{"line":41,"column":61},"end":{"line":41,"column":81}},{"start":{"line":41,"column":85},"end":{"line":41,"column":111}}],"line":41}},"s":{"0":1,"1":1,"2":1,"3":0,"4":0,"5":1,"6":1,"7":0,"8":1,"9":1,"10":0,"11":1,"12":1,"13":0,"14":1,"15":1,"16":0,"17":1,"18":1,"19":0,"20":1,"21":1,"22":0,"23":1,"24":1,"25":0,"26":0,"27":1},"f":{"0":0,"1":0,"2":0,"3":0,"4":0,"5":0,"6":0,"7":0},"b":{"0":[0,0],"1":[0,0],"2":[0,0],"3":[0,0]},"_coverageSchema":"332fd63041d2c1bcb487cc26dd0d5f7d97098a6c","hash":"33d5be2e51c5f019c49ad492818356e55bf983b8"}
,"/Users/Parth/Documents/NativeApps/Quotes/app/tests/setup.js": {"path":"/Users/Parth/Documents/NativeApps/Quotes/app/tests/setup.js","statementMap":{"0":{"start":{"line":1,"column":42},"end":{"line":1,"column":97}},"1":{"start":{"line":1,"column":98},"end":{"line":1,"column":160}},"2":{"start":{"line":1,"column":160},"end":{"line":1,"column":185}},"3":{"start":{"line":1,"column":199},"end":{"line":1,"column":240}},"4":{"start":{"line":2,"column":26},"end":{"line":2,"column":84}},"5":{"start":{"line":4,"column":0},"end":{"line":5,"column":48}},"6":{"start":{"line":8,"column":0},"end":{"line":8,"column":15}},"7":{"start":{"line":8,"column":16},"end":{"line":8,"column":43}}},"fnMap":{},"branchMap":{},"s":{"0":4,"1":4,"2":4,"3":4,"4":4,"5":4,"6":4,"7":4},"f":{},"b":{},"_coverageSchema":"332fd63041d2c1bcb487cc26dd0d5f7d97098a6c","hash":"f068702a254e065f9cb55a90f5e9bc1112a91b2b"}
,"/Users/Parth/Documents/NativeApps/Quotes/app/tests/fixtures/favourites-fixture.js": {"path":"/Users/Parth/Documents/NativeApps/Quotes/app/tests/fixtures/favourites-fixture.js","statementMap":{"0":{"start":{"line":1,"column":13},"end":{"line":1,"column":75}},"1":{"start":{"line":1,"column":75},"end":{"line":1,"column":124}},"2":{"start":{"line":1,"column":139},"end":{"line":4,"column":6}},"3":{"start":{"line":4,"column":7},"end":{"line":4,"column":34}},"4":{"start":{"line":7,"column":20},"end":{"line":12,"column":17}},"5":{"start":{"line":12,"column":18},"end":{"line":12,"column":56}}},"fnMap":{},"branchMap":{},"s":{"0":2,"1":2,"2":2,"3":2,"4":2,"5":2},"f":{},"b":{},"_coverageSchema":"332fd63041d2c1bcb487cc26dd0d5f7d97098a6c","hash":"5c50bdcad19c9131445aa0868cc9736ff55ae7e7"}
,"/Users/Parth/Documents/NativeApps/Quotes/app/tests/fixtures/quotes-fixture.js": {"path":"/Users/Parth/Documents/NativeApps/Quotes/app/tests/fixtures/quotes-fixture.js","statementMap":{"0":{"start":{"line":1,"column":13},"end":{"line":1,"column":75}},"1":{"start":{"line":1,"column":75},"end":{"line":1,"column":100}},"2":{"start":{"line":1,"column":115},"end":{"line":51,"column":84}},"3":{"start":{"line":51,"column":85},"end":{"line":51,"column":112}}},"fnMap":{},"branchMap":{},"s":{"0":3,"1":3,"2":3,"3":3},"f":{},"b":{},"_coverageSchema":"332fd63041d2c1bcb487cc26dd0d5f7d97098a6c","hash":"da8d54cb7216c0f007330483945161f47ecfe095"}
}
