TN:
SF:/Users/Parth/Documents/NativeApps/Quotes/app/Components/CategoryCell.js
FN:4,(anonymous_0)
FN:4,CategoryCell
FN:4,render
FN:8,onPress
FN:16,(anonymous_4)
FNF:5
FNH:5
FNDA:2,(anonymous_0)
FNDA:2,CategoryCell
FNDA:2,render
FNDA:1,onPress
FNDA:6,(anonymous_4)
DA:1,2
DA:2,2
DA:4,2
DA:5,2
DA:6,2
DA:8,1
DA:16,6
DA:21,2
DA:25,2
LF:9
LH:9
BRF:0
BRH:0
end_of_record
TN:
SF:/Users/Parth/Documents/NativeApps/Quotes/app/Components/FavouriteQuoteCell.js
FN:4,FavouriteQuoteCell
FN:7,onPress
FNF:2
FNH:2
FNDA:2,FavouriteQuoteCell
FNDA:1,onPress
DA:1,2
DA:2,2
DA:4,2
DA:5,2
DA:7,1
DA:24,2
DA:26,2
LF:7
LH:7
BRF:0
BRH:0
end_of_record
TN:
SF:/Users/Parth/Documents/NativeApps/Quotes/app/Components/FavouriteQuotesList.js
FN:8,(anonymous_0)
FN:8,FavouriteQuotesList
FN:8,render
FN:28,renderItem
FN:29,keyIterator
FN:35,renderItem
FN:48,mapStateToProps
FNF:7
FNH:3
FNDA:1,(anonymous_0)
FNDA:2,FavouriteQuotesList
FNDA:2,render
FNDA:0,renderItem
FNDA:0,keyIterator
FNDA:0,renderItem
FNDA:0,mapStateToProps
DA:1,1
DA:2,1
DA:3,1
DA:4,1
DA:5,1
DA:6,1
DA:8,2
DA:14,2
DA:15,2
DA:16,1
DA:21,1
DA:22,1
DA:28,0
DA:29,0
DA:38,0
DA:44,1
DA:48,1
DA:54,1
DA:62,1
LF:19
LH:16
BRDA:15,0,0,1
BRDA:15,0,1,1
BRDA:21,1,0,1
BRDA:21,1,1,0
BRF:4
BRH:3
end_of_record
TN:
SF:/Users/Parth/Documents/NativeApps/Quotes/app/Components/QuoteCategories.js
FN:7,(anonymous_0)
FN:7,QuoteCategories
FN:7,render
FN:32,renderItem
FN:37,keyExtractor
FN:54,mapStateToProps
FN:62,mapDispatchToProps
FN:64,fetchQuotes
FNF:8
FNH:3
FNDA:1,(anonymous_0)
FNDA:4,QuoteCategories
FNDA:4,render
FNDA:0,renderItem
FNDA:0,keyExtractor
FNDA:0,mapStateToProps
FNDA:0,mapDispatchToProps
FNDA:0,fetchQuotes
DA:1,1
DA:2,1
DA:3,1
DA:4,1
DA:5,1
DA:7,4
DA:13,4
DA:15,4
DA:32,0
DA:33,0
DA:37,0
DA:43,1
DA:46,1
DA:54,1
DA:55,0
DA:60,1
DA:62,1
DA:63,0
DA:65,0
DA:68,1
DA:70,1
LF:21
LH:15
BRDA:15,0,0,2
BRDA:15,0,1,2
BRDA:23,1,0,1
BRDA:23,1,1,1
BRF:4
BRH:4
end_of_record
TN:
SF:/Users/Parth/Documents/NativeApps/Quotes/app/Reducer/Quotes.js
FN:10,_default
FN:49,(anonymous_1)
FN:69,getFavourites
FN:73,getFavouriteQuotes
FN:74,(anonymous_4)
FNF:5
FNH:0
FNDA:0,_default
FNDA:0,(anonymous_1)
FNDA:0,getFavourites
FNDA:0,getFavouriteQuotes
FNDA:0,(anonymous_4)
DA:1,1
DA:2,1
DA:10,0
DA:11,0
DA:13,0
DA:20,0
DA:27,0
DA:36,0
DA:37,0
DA:38,0
DA:45,0
DA:46,0
DA:47,0
DA:48,0
DA:49,0
DA:50,0
DA:57,0
DA:58,0
DA:65,0
DA:69,1
DA:70,0
DA:71,1
DA:73,1
DA:74,0
DA:75,0
DA:76,0
DA:82,1
LF:27
LH:6
BRDA:10,0,0,0
BRDA:10,0,1,0
BRDA:10,1,0,0
BRDA:10,1,1,0
BRDA:10,2,0,0
BRDA:10,2,1,0
BRDA:11,3,0,0
BRDA:11,3,1,0
BRDA:11,3,2,0
BRDA:11,3,3,0
BRDA:11,3,4,0
BRDA:11,3,5,0
BRDA:11,3,6,0
BRF:13
BRH:0
end_of_record
TN:
SF:/Users/Parth/Documents/NativeApps/Quotes/app/actions/Quotes.js
FN:1,setQuotes
FN:8,setError
FN:12,fetchQuotes
FN:16,saveQuote
FN:22,watchSaveQuote
FN:29,unsaveQuote
FN:35,watchUnsaveQuote
FN:41,setFavourites
FNF:8
FNH:0
FNDA:0,setQuotes
FNDA:0,setError
FNDA:0,fetchQuotes
FNDA:0,saveQuote
FNDA:0,watchSaveQuote
FNDA:0,unsaveQuote
FNDA:0,watchUnsaveQuote
FNDA:0,setFavourites
DA:1,1
DA:2,0
DA:7,1
DA:8,1
DA:9,1
DA:12,1
DA:13,1
DA:16,1
DA:19,1
DA:22,1
DA:25,1
DA:29,1
DA:32,1
DA:35,1
DA:38,1
DA:41,1
DA:43,1
LF:17
LH:16
BRDA:1,0,0,0
BRDA:1,0,1,0
BRDA:1,1,0,0
BRDA:1,1,1,0
BRDA:41,2,0,0
BRDA:41,2,1,0
BRDA:41,3,0,0
BRDA:41,3,1,0
BRF:8
BRH:0
end_of_record
TN:
SF:/Users/Parth/Documents/NativeApps/Quotes/app/tests/setup.js
FNF:0
FNH:0
DA:1,4
DA:2,4
DA:4,4
DA:8,4
LF:4
LH:4
BRF:0
BRH:0
end_of_record
TN:
SF:/Users/Parth/Documents/NativeApps/Quotes/app/tests/fixtures/favourites-fixture.js
FNF:0
FNH:0
DA:1,2
DA:4,2
DA:7,2
DA:12,2
LF:4
LH:4
BRF:0
BRH:0
end_of_record
TN:
SF:/Users/Parth/Documents/NativeApps/Quotes/app/tests/fixtures/quotes-fixture.js
FNF:0
FNH:0
DA:1,3
DA:51,3
LF:2
LH:2
BRF:0
BRH:0
end_of_record
