TN:
SF:/Users/Parth/Documents/NativeApps/Quotes/app/Components/CategoryCell.js
FN:4,(anonymous_0)
FN:4,CategoryCell
FN:4,render
FN:8,onPress
FN:16,(anonymous_4)
FNF:5
FNH:5
FNDA:2,(anonymous_0)
FNDA:2,CategoryCell
FNDA:2,render
FNDA:1,onPress
FNDA:6,(anonymous_4)
DA:1,2
DA:2,2
DA:4,2
DA:5,2
DA:6,2
DA:8,1
DA:16,6
DA:21,2
DA:25,2
LF:9
LH:9
BRF:0
BRH:0
end_of_record
TN:
SF:/Users/Parth/Documents/NativeApps/Quotes/app/Components/FavouriteQuoteCell.js
FN:4,FavouriteQuoteCell
FN:7,onPress
FNF:2
FNH:2
FNDA:2,FavouriteQuoteCell
FNDA:1,onPress
DA:1,2
DA:2,2
DA:4,2
DA:5,2
DA:7,1
DA:24,2
DA:26,2
LF:7
LH:7
BRF:0
BRH:0
end_of_record
TN:
SF:/Users/Parth/Documents/NativeApps/Quotes/app/Components/FavouriteQuotesList.js
FN:8,(anonymous_0)
FN:8,FavouriteQuotesList
FN:8,render
FN:28,renderItem
FN:29,keyIterator
FN:35,renderItem
FN:47,mapStateToProps
FNF:7
FNH:3
FNDA:1,(anonymous_0)
FNDA:2,FavouriteQuotesList
FNDA:2,render
FNDA:0,renderItem
FNDA:0,keyIterator
FNDA:0,renderItem
FNDA:0,mapStateToProps
DA:1,1
DA:2,1
DA:3,1
DA:4,1
DA:5,1
DA:6,1
DA:8,2
DA:14,2
DA:15,2
DA:16,1
DA:21,1
DA:22,1
DA:28,0
DA:29,0
DA:38,0
DA:44,1
DA:47,1
DA:53,1
DA:61,1
LF:19
LH:16
BRDA:15,0,0,1
BRDA:15,0,1,1
BRDA:21,1,0,1
BRDA:21,1,1,0
BRF:4
BRH:3
end_of_record
TN:
SF:/Users/Parth/Documents/NativeApps/Quotes/app/Components/QuoteCategories.js
FN:7,(anonymous_0)
FN:7,QuoteCategories
FN:7,render
FN:32,renderItem
FN:37,keyExtractor
FN:54,mapStateToProps
FN:62,mapDispatchToProps
FN:64,fetchQuotes
FNF:8
FNH:3
FNDA:1,(anonymous_0)
FNDA:4,QuoteCategories
FNDA:4,render
FNDA:0,renderItem
FNDA:0,keyExtractor
FNDA:0,mapStateToProps
FNDA:0,mapDispatchToProps
FNDA:0,fetchQuotes
DA:1,1
DA:2,1
DA:3,1
DA:4,1
DA:5,1
DA:7,4
DA:13,4
DA:15,4
DA:32,0
DA:33,0
DA:37,0
DA:43,1
DA:46,1
DA:54,1
DA:55,0
DA:60,1
DA:62,1
DA:63,0
DA:65,0
DA:68,1
DA:70,1
LF:21
LH:15
BRDA:15,0,0,2
BRDA:15,0,1,2
BRDA:23,1,0,1
BRDA:23,1,1,1
BRF:4
BRH:4
end_of_record
TN:
SF:/Users/Parth/Documents/NativeApps/Quotes/app/Components/QuoteCell.js
FN:7,(anonymous_0)
FN:7,QuoteCell
FN:7,render
FN:20,onPress
FN:25,onPress
FN:41,matchStateToProps
FN:48,matchDisptachToProps
FN:49,save
FN:52,unsave
FNF:9
FNH:5
FNDA:2,(anonymous_0)
FNDA:3,QuoteCell
FNDA:3,render
FNDA:1,onPress
FNDA:1,onPress
FNDA:0,matchStateToProps
FNDA:0,matchDisptachToProps
FNDA:0,save
FNDA:0,unsave
DA:1,2
DA:2,2
DA:3,2
DA:4,2
DA:5,2
DA:7,3
DA:8,3
DA:10,3
DA:21,1
DA:27,1
DA:38,2
DA:41,2
DA:42,0
DA:43,0
DA:48,2
DA:50,0
DA:53,0
DA:58,2
DA:61,2
LF:19
LH:15
BRDA:19,0,0,2
BRDA:19,0,1,1
BRF:2
BRH:2
end_of_record
TN:
SF:/Users/Parth/Documents/NativeApps/Quotes/app/Components/QuotesList.js
FN:7,(anonymous_0)
FN:7,QuotesList
FN:7,render
FN:28,renderItem
FN:35,keyIterator
FN:39,(anonymous_5)
FN:52,matchStateToProps
FNF:7
FNH:3
FNDA:1,(anonymous_0)
FNDA:1,QuotesList
FNDA:1,render
FNDA:0,renderItem
FNDA:0,keyIterator
FNDA:0,(anonymous_5)
FNDA:0,matchStateToProps
DA:1,1
DA:2,1
DA:3,1
DA:4,1
DA:5,1
DA:7,1
DA:18,1
DA:19,1
DA:21,1
DA:23,1
DA:28,0
DA:35,0
DA:39,1
DA:44,1
DA:52,1
DA:59,1
LF:16
LH:14
BRF:0
BRH:0
end_of_record
TN:
SF:/Users/Parth/Documents/NativeApps/Quotes/app/Const/FirebaseConfig.js
FNF:0
FNH:0
DA:1,1
DA:6,1
LF:2
LH:2
BRF:0
BRH:0
end_of_record
TN:
SF:/Users/Parth/Documents/NativeApps/Quotes/app/Reducer/Quotes.js
FN:10,_default
FN:46,(anonymous_1)
FN:65,getFavourites
FN:69,getFavouriteQuotes
FN:70,(anonymous_4)
FNF:5
FNH:5
FNDA:13,_default
FNDA:2,(anonymous_1)
FNDA:1,getFavourites
FNDA:1,getFavouriteQuotes
FNDA:3,(anonymous_4)
DA:1,3
DA:2,3
DA:10,13
DA:11,13
DA:13,4
DA:21,1
DA:28,2
DA:30,2
DA:31,1
DA:32,1
DA:37,2
DA:43,2
DA:44,2
DA:45,2
DA:46,2
DA:47,2
DA:54,3
DA:61,1
DA:65,3
DA:66,1
DA:67,3
DA:69,3
DA:70,1
DA:71,3
DA:72,3
DA:78,3
LF:26
LH:26
BRDA:10,0,0,12
BRDA:10,0,1,1
BRDA:10,1,0,13
BRDA:10,1,1,13
BRDA:10,2,0,13
BRDA:10,2,1,0
BRDA:11,3,0,4
BRDA:11,3,1,1
BRDA:11,3,2,2
BRDA:11,3,3,2
BRDA:11,3,4,3
BRDA:11,3,5,1
BRDA:30,4,0,1
BRDA:30,4,1,1
BRF:14
BRH:13
end_of_record
TN:
SF:/Users/Parth/Documents/NativeApps/Quotes/app/Sagas/Quotes.js
FN:96,setQuotesSaga
FN:96,setQuotesSaga$
FN:96,(anonymous_2)
FN:96,(anonymous_3)
FN:96,(anonymous_4)
FN:96,watchSetQuotes
FN:96,watchSetQuotes$
FN:96,saveQuoteSaga
FN:96,saveQuoteSaga$
FN:96,watchSaveQuote
FN:96,watchSaveQuote$
FN:96,unsaveQuotesSaga
FN:96,unsaveQuotesSaga$
FN:96,(anonymous_13)
FN:96,watchUnsaveQuote
FN:96,watchUnsaveQuote$
FN:96,rootSaga
FN:96,rootSaga$
FN:109,storeData
FN:109,storeData$
FN:119,retrieveData
FN:119,retrieveData$
FNF:22
FNH:2
FNDA:0,setQuotesSaga
FNDA:0,setQuotesSaga$
FNDA:0,(anonymous_2)
FNDA:0,(anonymous_3)
FNDA:0,(anonymous_4)
FNDA:0,watchSetQuotes
FNDA:0,watchSetQuotes$
FNDA:0,saveQuoteSaga
FNDA:0,saveQuoteSaga$
FNDA:0,watchSaveQuote
FNDA:0,watchSaveQuote$
FNDA:1,unsaveQuotesSaga
FNDA:1,unsaveQuotesSaga$
FNDA:0,(anonymous_13)
FNDA:0,watchUnsaveQuote
FNDA:0,watchUnsaveQuote$
FNDA:0,rootSaga
FNDA:0,rootSaga$
FNDA:0,storeData
FNDA:0,storeData$
FNDA:0,retrieveData
FNDA:0,retrieveData$
DA:1,1
DA:2,1
DA:3,1
DA:4,1
DA:5,1
DA:6,1
DA:9,1
DA:39,1
DA:44,1
DA:73,1
DA:78,1
DA:92,1
DA:96,1
DA:98,0
DA:99,0
DA:100,0
DA:102,0
DA:105,0
DA:109,1
DA:111,0
DA:112,0
DA:115,0
DA:119,1
DA:121,0
DA:122,0
DA:126,0
DA:127,0
DA:131,0
DA:132,0
LF:29
LH:15
BRDA:96,0,0,0
BRDA:96,0,1,0
BRDA:96,0,2,0
BRDA:96,0,3,0
BRDA:96,0,4,0
BRDA:96,0,5,0
BRDA:96,0,6,0
BRDA:96,0,7,0
BRDA:96,0,8,0
BRDA:96,0,9,0
BRDA:96,1,0,0
BRDA:96,1,1,0
BRDA:96,2,0,0
BRDA:96,2,1,0
BRDA:96,3,0,0
BRDA:96,3,1,0
BRDA:96,3,2,0
BRDA:96,4,0,0
BRDA:96,4,1,0
BRDA:96,4,2,0
BRDA:96,4,3,0
BRDA:96,4,4,0
BRDA:96,4,5,0
BRDA:96,4,6,0
BRDA:96,4,7,0
BRDA:96,5,0,0
BRDA:96,5,1,0
BRDA:96,6,0,0
BRDA:96,6,1,0
BRDA:96,7,0,0
BRDA:96,7,1,0
BRDA:96,8,0,0
BRDA:96,8,1,0
BRDA:96,9,0,0
BRDA:96,9,1,0
BRDA:96,9,2,0
BRDA:96,10,0,1
BRDA:96,10,1,0
BRDA:96,10,2,0
BRDA:96,10,3,0
BRDA:96,10,4,0
BRDA:96,11,0,0
BRDA:96,11,1,0
BRDA:96,12,0,0
BRDA:96,12,1,0
BRDA:96,12,2,0
BRDA:96,13,0,0
BRDA:96,13,1,0
BRDA:96,13,2,0
BRDA:98,14,0,0
BRDA:98,14,1,0
BRDA:109,15,0,0
BRDA:109,15,1,0
BRDA:109,15,2,0
BRDA:109,15,3,0
BRDA:109,15,4,0
BRDA:119,16,0,0
BRDA:119,16,1,0
BRDA:119,16,2,0
BRDA:119,16,3,0
BRDA:119,16,4,0
BRDA:119,16,5,0
BRDA:119,16,6,0
BRDA:121,17,0,0
BRDA:121,17,1,0
BRF:65
BRH:1
end_of_record
TN:
SF:/Users/Parth/Documents/NativeApps/Quotes/app/actions/Quotes.js
FN:1,setQuotes
FN:8,setError
FN:12,fetchQuotes
FN:16,saveQuote
FN:22,watchSaveQuote
FN:29,unsaveQuote
FN:35,watchUnsaveQuote
FN:41,setFavourites
FNF:8
FNH:8
FNDA:5,setQuotes
FNDA:2,setError
FNDA:1,fetchQuotes
FNDA:3,saveQuote
FNDA:1,watchSaveQuote
FNDA:3,unsaveQuote
FNDA:1,watchUnsaveQuote
FNDA:5,setFavourites
DA:1,6
DA:2,5
DA:7,6
DA:8,6
DA:9,6
DA:12,6
DA:13,6
DA:16,6
DA:19,6
DA:22,6
DA:25,6
DA:29,6
DA:32,6
DA:35,6
DA:38,6
DA:41,6
DA:43,6
LF:17
LH:17
BRDA:41,0,0,4
BRDA:41,0,1,1
BRDA:41,1,0,5
BRDA:41,1,1,4
BRF:4
BRH:4
end_of_record
TN:
SF:/Users/Parth/Documents/NativeApps/Quotes/app/tests/setup.js
FNF:0
FNH:0
DA:1,9
DA:2,9
DA:4,9
DA:8,9
LF:4
LH:4
BRF:0
BRH:0
end_of_record
TN:
SF:/Users/Parth/Documents/NativeApps/Quotes/app/tests/fixtures/favourites-fixture.js
FNF:0
FNH:0
DA:1,6
DA:4,6
DA:7,6
DA:12,6
LF:4
LH:4
BRF:0
BRH:0
end_of_record
TN:
SF:/Users/Parth/Documents/NativeApps/Quotes/app/tests/fixtures/quotes-fixture.js
FNF:0
FNH:0
DA:1,7
DA:51,7
LF:2
LH:2
BRF:0
BRH:0
end_of_record
